Mplus VERSION 7.11
MUTHEN & MUTHEN
06/15/2022   3:22 PM

INPUT INSTRUCTIONS

  TITLE: Your title goes here
  DATA: FILE = "EBB.dat";
  VARIABLE:
  NAMES = ID Hospital Idade Sexo Ecivil Nfilhos Formacao Tempoformacao Tempotrabalho
       Tempofuncao Cargahoraria Turno Outraatividade EVENT1 EVENT2 EVENT3 EVENT4
       EVENT5 EVENT6 EVENT7 EVENT8 EVENT9 EVENT10 EVENT11 EVENT12 EVENT13 EVENT14
       EVENT15 EVENT16 EVENT17 EVENT18 EVENT19 EVENT20 EVENT21 EVENT22 EVENT23 EVENT24
       EVENT25 EVENT26 EVENT27 EVENT28 EVENT29 EVENT30 EVENT31 EVENT32 EVENT33 EVENT34
       EVENT35 EVENT36 EVENT37 EVENT38 EVENT39 EVENT40 ESUL1 ESUL2 ESUL3 ESUL4 ESUL5
       ESUL6 ESUL7 ESUL8 ESUL9 ESUL10 ESUL11 ESUL12 ESUL13 ESUL14 ESUL15 ESUL16 ESUL17
       ESUL18 ESUL19 ESUL20 ESUL21 EBADEP1 EBADEP2 EBADEP3 EBADEP4 EBADEP5 EBADEP6
       EBADEP7 EBADEP8 EBADEP9 EBADEP10 EBADEP11 EBADEP12 EBADEP13 EBADEP14 EBADEP15
       EBADEP16 EBADEP17 EBADEP18 EBADEP19 EBADEP20 EBADEP21 EBADEP22 EBADEP23
       EBADEP24 EBADEP25 EBADEP26 EBADEP27 EBADEP28 EBADEP29 EBADEP30 EBADEP31
       EBADEP32 EBADEP33 EBADEP34 EBADEP35 EBADEP36 EBADEP37 EBADEP38 EBADEP39
       EBADEP40 EBADEP41 EBADEP42 EBADEP43 EBADEP44 EBADEP45 ECOGA1 ECOGA2 ECOGA3
       ECOGA4 ECOGA5 ECOGA6 ECOGA7 ECOGA8 ECOGA9 ECOGA10 ECOGA11 ECOGA12 ECOGA13
       ECOGA14 ECOGA15 ECOGA16 ECOGA17 ECOGA18 ECOGA19 ECOGA20 ECOGA21 ECOGA22 ECOGA23
       ECOGA24 ECOGA25 ECOGA26 ECOGA27 ECOGA28 ECOGA29 ECOGA30 ECOGA31 ECOGA32 ECOGA33
       ECOGA34 ECOGA35 ECOGA36 ECOGA37 ECOGA38 ECOGA39 ECOGA40 EBB1 EBB2 EBB3 EBB4
       EBB5 EBB6 EBB7 EBB8 EBB9 EBB10 EBB11 EBB12 EBB13 EBB14 EBB15 EBB16 EBB17 EBB18
       EBB19 EBB20 EBB21 EBB22 EBB23 EBB24 EBB25 EBB26 EBB27 EBB28 EBB29 EBB30 EBB31
       EBB32 EBB33 EBB34 EBB35 EBB36 EBB37 EBB38 EVENTTot ESULF1 ESULF2 ESULTot
       EBADEPTot ECOGAF1 ECOGAF2 ECOGAF3 ECOGAF4 ECOGATot EBBF1 EBBF2 EBBTot
       IdadeClass FormacaoClass TempoTrabClass TempoFuncaoClass EVENTF1 EVENTF2
       EVENTF3 EVENT1Class EVENT2Class EVENTF3Class ESULF1Class ESULF2Class
       EBADEPClass ECOGAF1Class ECOGAF2Class ECOGAF3Classi ECOGAF4Class EBBF1Class
       EBBF2Class;
  MISSING=.;
  IDVARIABLE = ID;
  USEVARIABLE =
  EBADEP1 EBADEP2 EBADEP4 EBADEP5 EBADEP10 EBADEP18
  EBADEP23 EBADEP24 EBADEP28 EBADEP29 EBADEP31 EBADEP38
  EBADEP40 EBADEP43 EBADEP45
  EBB5 EBB6 EBB8 EBB9 EBB13 EBB14 EBB17 EBB18
  EBB20 EBB22 EBB23 EBB24 EBB26 EBB27 EBB29 EBB31
  EBB34 EBB35 EBB36 EBB38

  !EBADEPTot
  !EBBF1 EBBF2
  !EVENTTot
  !EXHAUST
  ;
  !CLASSES = c(4);
  !DEFINE:
  !EXHAUST = ((4-EBB5)+(4-EBB6)+EBB8+EBB9+EBB13+EBB14+(4-EBB17)+EBB18+
  !EBB20+EBB22+(4-EBB23)+EBB24+EBB26+EBB27+(4-EBB29)+EBB31+
  !EBB34+(4-EBB35)+(4-EBB36)+(4-EBB38))/20;

  !STANDARDIZE EBADEPTot EXHAUST;
  CATEGORICAL = ALL;
  ANALYSIS:
  !TYPE=EFA 1 3;
  !ROTATION=BI-GEOMIN(OBLIQUE);
  !TYPE = MIXTURE;
  !ESTIMATOR IS MLR;
  !STARTS = 100 10;!COMEÇAR TESTANDO COM MENOS, TIPO 100 10. O VALOR ALTO É PARA AS SOLUÇÕES
  !LRTSTARTS = 0 0 100 10
  !OPTSEED = 136842;
  !ALGORITHM=INTEGRATION;
  !PROCESS = 3 (STARTS);
  !ITERATIONS = 10000;
  !CONVERGENCE = 0.001;

  MODEL:
  !dep by EBADEP1 EBADEP2 EBADEP4 EBADEP5 EBADEP10 EBADEP18
  !EBADEP23 EBADEP24 EBADEP28 EBADEP29 EBADEP31 EBADEP38
  !EBADEP40 EBADEP43 EBADEP45;
  !burn by EBB5@-.79 EBB6 EBB8 EBB9 EBB13 EBB14 EBB17 EBB18
  !EBB20 EBB22 EBB23 EBB24 EBB26 EBB27 EBB29 EBB31
  !EBB34 EBB35 EBB36 EBB38;

  !F1-F3 by EBADEP1 EBADEP2 EBADEP4 EBADEP5 EBADEP10 EBADEP18
  !EBADEP23 EBADEP24 EBADEP28 EBADEP29 EBADEP31 EBADEP38
  !EBADEP40 EBADEP43 EBADEP45
  !EBB5 EBB6 EBB8 EBB9 EBB13 EBB14 EBB17 EBB18
  !EBB20 EBB22 EBB23 EBB24 EBB26 EBB27 EBB29 EBB31
  !EBB34 EBB35 EBB36 EBB38 (*1);

  !FG by EBADEP1* EBADEP2 EBADEP4 EBADEP5 EBADEP10 EBADEP18
  !EBADEP23 EBADEP24 EBADEP28 EBADEP29 EBADEP31 EBADEP38
  !EBADEP40 EBADEP43 EBADEP45
  !EBB5 EBB6 EBB8 EBB9 EBB13 EBB14 EBB17 EBB18
  !EBB20 EBB22 EBB23 EBB24 EBB26 EBB27 EBB29 EBB31
  !EBB34 EBB35 EBB36 EBB38 ;
  !FG@1;

  DEP by EBADEP1* EBADEP2 EBADEP4 EBADEP5 EBADEP10 EBADEP18
  EBADEP23 EBADEP24 EBADEP28 EBADEP29 EBADEP31 EBADEP38
  EBADEP40 EBADEP43 EBADEP45;
  DEP@1;

  BURN by EBB5* EBB6 EBB8 EBB9 EBB13 EBB14 EBB17 EBB18
  EBB20 EBB22 EBB23 EBB24 EBB26 EBB27 EBB29 EBB31
  EBB34 EBB35 EBB36 EBB38;
  BURN@1;

  !acq by EBB5@1 EBB6@1 EBB8@1 EBB9@1 EBB13@1 EBB14@1 EBB17@1 EBB18@1
  !EBB20@1 EBB22@1 EBB23@1 EBB24@1 EBB26@1 EBB27@1 EBB29@1 EBB31@1
  !EBB34@1 EBB35@1 EBB36@1 EBB38@1;
  !Acq;
  !Acq with BURN@0;

  !FG with DEP@0 BURN@0;

  acq by
  EBADEP1@1 EBADEP2@1 EBADEP4@1 EBADEP5@1 EBADEP10@1 EBADEP18@1
  EBADEP23@1 EBADEP24@1 EBADEP28@1 EBADEP29@1 EBADEP31@1 EBADEP38@1
  EBADEP40@1 EBADEP43@1 EBADEP45@1
  EBB5@1 EBB6@1 EBB8@1 EBB9@1 EBB13@1 EBB14@1 EBB17@1 EBB18@1
  EBB20@1 EBB22@1 EBB23@1 EBB24@1 EBB26@1 EBB27@1 EBB29@1 EBB31@1
  EBB34@1 EBB35@1 EBB36@1 EBB38@1;
  acq;
  !acq with FG@0 DEP@0 BURN@0;
  acq with DEP@0 BURN@0;


  !F1 by EBB8* EBB9 EBB13 EBB14  EBB18
  !EBB20 EBB22 EBB23 EBB24 EBB26 EBB27 EBB29 EBB31
  !EBB34 EBB35 EBB36 EBB38;
  !F1@1;

  !F2 by EBB5* EBB6 EBB17 EBB23 EBB29 EBB34 EBB35 EBB36 EBB38;
  !F2@1;

  !acq by EBB5@1 EBB6@1 EBB8@1 EBB9@1 EBB13@1 EBB14@1 EBB17@1 EBB18@1
  !EBB20@1 EBB22@1 EBB23@1 EBB24@1 EBB26@1 EBB27@1 EBB29@1 EBB31@1
  !EBB34@1 EBB35@1 EBB36@1 EBB38@1;
  !acq@.109;
  !acq with F1@0 F2@0;



  !acq by EBADEP1@1 EBADEP2@1 EBADEP4@1 EBADEP5@1 EBADEP10@1 EBADEP18@1
  !EBADEP23@1 EBADEP24@1 EBADEP28@1 EBADEP29@1 EBADEP31@1 EBADEP38@1
  !EBADEP40@1 EBADEP43@1 EBADEP45@1
  !EBB5@1 EBB6@1 EBB8@1 EBB9@1 EBB13@1 EBB14@1 EBB17@1 EBB18@1
  !EBB20@1 EBB22@1 EBB23@1 EBB24@1 EBB26@1 EBB27@1 EBB29@1 EBB31@1
  !EBB34@1 EBB35@1 EBB36@1 EBB38@1;
  !acq@.103;
  !acq with F1@0 F2@0 F3@0;
  !acq with FG@0 DEP@0 BURN@0;


  MODEL:
  !%OVERALL%
  !c ON EVENTTot;


  Output: standardized modindices;
  !OUTPUT: tech11 tech14;

  !PLOT:
  !type is plot3;
  !series is EBADEPTot (1) EXHAUST (2);

  !SAVEDATA:
  !file is 4 classes.txt;
  !save is cprob;
  !format is free;



*** WARNING
  Data set contains cases with missing on all variables.
  These cases were not included in the analysis.
  Number of cases with missing on all variables:  1
   1 WARNING(S) FOUND IN THE INPUT INSTRUCTIONS



Your title goes here

SUMMARY OF ANALYSIS

Number of groups                                                 1
Number of observations                                         583

Number of dependent variables                                   35
Number of independent variables                                  0
Number of continuous latent variables                            3

Observed dependent variables

  Binary and ordered categorical (ordinal)
   EBADEP1     EBADEP2     EBADEP4     EBADEP5     EBADEP10    EBADEP18
   EBADEP23    EBADEP24    EBADEP28    EBADEP29    EBADEP31    EBADEP38
   EBADEP40    EBADEP43    EBADEP45    EBB5        EBB6        EBB8
   EBB9        EBB13       EBB14       EBB17       EBB18       EBB20
   EBB22       EBB23       EBB24       EBB26       EBB27       EBB29
   EBB31       EBB34       EBB35       EBB36       EBB38

Continuous latent variables
   DEP         BURN        ACQ

Variables with special functions

  ID variable           ID

Estimator                                                    WLSMV
Maximum number of iterations                                  1000
Convergence criterion                                    0.500D-04
Maximum number of steepest descent iterations                   20
Maximum number of iterations for H1                           2000
Convergence criterion for H1                             0.100D-03
Parameterization                                             DELTA

Input data file(s)
  EBB.dat

Input data format  FREE


SUMMARY OF DATA

     Number of missing data patterns           128


COVARIANCE COVERAGE OF DATA

Minimum covariance coverage value   0.100


     PROPORTION OF DATA PRESENT


           Covariance Coverage
              EBADEP1       EBADEP2       EBADEP4       EBADEP5       EBADEP10
              ________      ________      ________      ________      ________
 EBADEP1        0.985
 EBADEP2        0.983         0.988
 EBADEP4        0.979         0.983         0.985
 EBADEP5        0.981         0.983         0.979         0.985
 EBADEP10       0.979         0.985         0.979         0.979         0.985
 EBADEP18       0.979         0.983         0.979         0.979         0.979
 EBADEP23       0.983         0.986         0.983         0.983         0.983
 EBADEP24       0.981         0.985         0.981         0.981         0.981
 EBADEP28       0.973         0.976         0.973         0.973         0.974
 EBADEP29       0.979         0.983         0.979         0.979         0.979
 EBADEP31       0.976         0.979         0.976         0.976         0.976
 EBADEP38       0.978         0.981         0.979         0.978         0.978
 EBADEP40       0.974         0.978         0.974         0.974         0.974
 EBADEP43       0.973         0.976         0.973         0.973         0.974
 EBADEP45       0.983         0.986         0.983         0.983         0.983
 EBB5           0.945         0.949         0.947         0.945         0.945
 EBB6           0.947         0.950         0.949         0.947         0.947
 EBB8           0.973         0.976         0.974         0.973         0.973
 EBB9           0.971         0.974         0.971         0.971         0.971
 EBB13          0.971         0.974         0.971         0.971         0.971
 EBB14          0.971         0.974         0.971         0.971         0.971
 EBB17          0.945         0.949         0.947         0.945         0.945
 EBB18          0.969         0.973         0.969         0.969         0.969
 EBB20          0.978         0.981         0.978         0.978         0.978
 EBB22          0.976         0.979         0.976         0.976         0.978
 EBB23          0.907         0.911         0.911         0.907         0.909
 EBB24          0.973         0.974         0.971         0.973         0.971
 EBB26          0.973         0.976         0.974         0.973         0.973
 EBB27          0.959         0.962         0.959         0.959         0.959
 EBB29          0.892         0.894         0.892         0.892         0.890
 EBB31          0.971         0.974         0.971         0.971         0.971
 EBB34          0.909         0.913         0.911         0.909         0.909
 EBB35          0.949         0.952         0.949         0.949         0.949
 EBB36          0.925         0.928         0.928         0.925         0.925
 EBB38          0.880         0.885         0.882         0.880         0.882


           Covariance Coverage
              EBADEP18      EBADEP23      EBADEP24      EBADEP28      EBADEP29
              ________      ________      ________      ________      ________
 EBADEP18       0.985
 EBADEP23       0.983         0.988
 EBADEP24       0.981         0.985         0.986
 EBADEP28       0.973         0.976         0.974         0.978
 EBADEP29       0.981         0.983         0.981         0.973         0.985
 EBADEP31       0.976         0.979         0.978         0.969         0.976
 EBADEP38       0.978         0.981         0.979         0.971         0.978
 EBADEP40       0.974         0.978         0.976         0.967         0.974
 EBADEP43       0.973         0.976         0.974         0.967         0.973
 EBADEP45       0.983         0.986         0.985         0.976         0.983
 EBB5           0.945         0.949         0.947         0.938         0.945
 EBB6           0.949         0.950         0.949         0.940         0.947
 EBB8           0.973         0.976         0.974         0.966         0.973
 EBB9           0.971         0.974         0.973         0.964         0.971
 EBB13          0.971         0.974         0.973         0.964         0.971
 EBB14          0.971         0.974         0.973         0.966         0.971
 EBB17          0.945         0.949         0.947         0.938         0.945
 EBB18          0.969         0.973         0.971         0.962         0.969
 EBB20          0.978         0.981         0.979         0.971         0.978
 EBB22          0.976         0.979         0.978         0.971         0.979
 EBB23          0.907         0.911         0.911         0.902         0.907
 EBB24          0.971         0.974         0.973         0.964         0.971
 EBB26          0.973         0.976         0.974         0.966         0.973
 EBB27          0.961         0.962         0.962         0.952         0.961
 EBB29          0.892         0.895         0.894         0.883         0.894
 EBB31          0.971         0.974         0.973         0.964         0.973
 EBB34          0.911         0.913         0.911         0.902         0.913
 EBB35          0.949         0.952         0.950         0.942         0.949
 EBB36          0.925         0.928         0.928         0.918         0.925
 EBB38          0.880         0.883         0.883         0.873         0.882


           Covariance Coverage
              EBADEP31      EBADEP38      EBADEP40      EBADEP43      EBADEP45
              ________      ________      ________      ________      ________
 EBADEP31       0.981
 EBADEP38       0.974         0.983
 EBADEP40       0.971         0.973         0.979
 EBADEP43       0.969         0.971         0.969         0.978
 EBADEP45       0.979         0.981         0.978         0.976         0.988
 EBB5           0.942         0.943         0.940         0.938         0.950
 EBB6           0.943         0.945         0.942         0.940         0.950
 EBB8           0.971         0.973         0.967         0.967         0.976
 EBB9           0.967         0.969         0.967         0.964         0.974
 EBB13          0.967         0.969         0.966         0.964         0.974
 EBB14          0.967         0.969         0.966         0.964         0.974
 EBB17          0.942         0.943         0.940         0.938         0.949
 EBB18          0.966         0.967         0.964         0.962         0.973
 EBB20          0.974         0.976         0.973         0.971         0.981
 EBB22          0.973         0.974         0.971         0.971         0.979
 EBB23          0.907         0.909         0.902         0.906         0.911
 EBB24          0.967         0.969         0.967         0.964         0.974
 EBB26          0.969         0.973         0.967         0.967         0.976
 EBB27          0.955         0.957         0.954         0.952         0.962
 EBB29          0.890         0.889         0.885         0.883         0.895
 EBB31          0.967         0.969         0.966         0.964         0.974
 EBB34          0.911         0.911         0.906         0.904         0.913
 EBB35          0.947         0.947         0.943         0.943         0.952
 EBB36          0.923         0.925         0.919         0.919         0.928
 EBB38          0.882         0.878         0.877         0.877         0.883


           Covariance Coverage
              EBB5          EBB6          EBB8          EBB9          EBB13
              ________      ________      ________      ________      ________
 EBB5           0.961
 EBB6           0.940         0.962
 EBB8           0.950         0.952         0.988
 EBB9           0.950         0.950         0.976         0.986
 EBB13          0.949         0.950         0.976         0.978         0.986
 EBB14          0.952         0.952         0.976         0.976         0.976
 EBB17          0.933         0.935         0.954         0.950         0.949
 EBB18          0.949         0.949         0.974         0.973         0.973
 EBB20          0.955         0.957         0.983         0.981         0.981
 EBB22          0.955         0.955         0.981         0.979         0.979
 EBB23          0.895         0.899         0.916         0.911         0.913
 EBB24          0.949         0.950         0.978         0.974         0.974
 EBB26          0.950         0.952         0.979         0.976         0.976
 EBB27          0.942         0.943         0.966         0.962         0.962
 EBB29          0.877         0.878         0.894         0.895         0.897
 EBB31          0.949         0.950         0.976         0.974         0.974
 EBB34          0.895         0.892         0.914         0.913         0.916
 EBB35          0.931         0.935         0.954         0.954         0.955
 EBB36          0.909         0.913         0.930         0.928         0.928
 EBB38          0.871         0.868         0.887         0.885         0.889


           Covariance Coverage
              EBB14         EBB17         EBB18         EBB20         EBB22
              ________      ________      ________      ________      ________
 EBB14          0.986
 EBB17          0.954         0.961
 EBB18          0.974         0.950         0.985
 EBB20          0.981         0.955         0.979         0.993
 EBB22          0.979         0.954         0.978         0.986         0.991
 EBB23          0.913         0.895         0.911         0.918         0.918
 EBB24          0.974         0.952         0.973         0.981         0.979
 EBB26          0.976         0.950         0.976         0.983         0.981
 EBB27          0.962         0.940         0.962         0.969         0.967
 EBB29          0.895         0.875         0.892         0.901         0.899
 EBB31          0.974         0.949         0.973         0.981         0.981
 EBB34          0.914         0.895         0.909         0.918         0.918
 EBB35          0.954         0.931         0.950         0.961         0.957
 EBB36          0.928         0.909         0.925         0.933         0.931
 EBB38          0.887         0.868         0.883         0.890         0.890


           Covariance Coverage
              EBB23         EBB24         EBB26         EBB27         EBB29
              ________      ________      ________      ________      ________
 EBB23          0.923
 EBB24          0.914         0.986
 EBB26          0.914         0.976         0.988
 EBB27          0.902         0.964         0.966         0.974
 EBB29          0.842         0.894         0.894         0.889         0.904
 EBB31          0.911         0.974         0.976         0.962         0.899
 EBB34          0.859         0.911         0.913         0.902         0.852
 EBB35          0.901         0.952         0.954         0.942         0.883
 EBB36          0.883         0.926         0.930         0.921         0.859
 EBB38          0.839         0.883         0.885         0.877         0.827


           Covariance Coverage
              EBB31         EBB34         EBB35         EBB36         EBB38
              ________      ________      ________      ________      ________
 EBB31          0.986
 EBB34          0.913         0.923
 EBB35          0.952         0.907         0.964
 EBB36          0.926         0.885         0.925         0.938
 EBB38          0.885         0.846         0.878         0.859         0.895


UNIVARIATE PROPORTIONS AND COUNTS FOR CATEGORICAL VARIABLES

    EBADEP1
      Category 1    0.362      208.000
      Category 2    0.253      145.000
      Category 3    0.213      122.000
      Category 4    0.172       99.000
    EBADEP2
      Category 1    0.314      181.000
      Category 2    0.333      192.000
      Category 3    0.226      130.000
      Category 4    0.127       73.000
    EBADEP4
      Category 1    0.598      343.000
      Category 2    0.274      157.000
      Category 3    0.082       47.000
      Category 4    0.047       27.000
    EBADEP5
      Category 1    0.591      339.000
      Category 2    0.246      141.000
      Category 3    0.115       66.000
      Category 4    0.049       28.000
    EBADEP10
      Category 1    0.660      379.000
      Category 2    0.225      129.000
      Category 3    0.080       46.000
      Category 4    0.035       20.000
    EBADEP18
      Category 1    0.573      329.000
      Category 2    0.251      144.000
      Category 3    0.103       59.000
      Category 4    0.073       42.000
    EBADEP23
      Category 1    0.648      373.000
      Category 2    0.262      151.000
      Category 3    0.071       41.000
      Category 4    0.019       11.000
    EBADEP24
      Category 1    0.663      381.000
      Category 2    0.221      127.000
      Category 3    0.082       47.000
      Category 4    0.035       20.000
    EBADEP28
      Category 1    0.621      354.000
      Category 2    0.293      167.000
      Category 3    0.058       33.000
      Category 4    0.028       16.000
    EBADEP29
      Category 1    0.794      456.000
      Category 2    0.134       77.000
      Category 3    0.035       20.000
      Category 4    0.037       21.000
    EBADEP31
      Category 1    0.476      272.000
      Category 2    0.240      137.000
      Category 3    0.143       82.000
      Category 4    0.142       81.000
    EBADEP38
      Category 1    0.414      237.000
      Category 2    0.293      168.000
      Category 3    0.155       89.000
      Category 4    0.138       79.000
    EBADEP40
      Category 1    0.452      258.000
      Category 2    0.310      177.000
      Category 3    0.135       77.000
      Category 4    0.103       59.000
    EBADEP43
      Category 1    0.481      274.000
      Category 2    0.358      204.000
      Category 3    0.095       54.000
      Category 4    0.067       38.000
    EBADEP45
      Category 1    0.363      209.000
      Category 2    0.417      240.000
      Category 3    0.116       67.000
      Category 4    0.104       60.000
    EBB5
      Category 1    0.354      198.000
      Category 2    0.102       57.000
      Category 3    0.545      305.000
    EBB6
      Category 1    0.337      189.000
      Category 2    0.123       69.000
      Category 3    0.540      303.000
    EBB8
      Category 1    0.278      160.000
      Category 2    0.505      291.000
      Category 3    0.161       93.000
      Category 4    0.056       32.000
    EBB9
      Category 1    0.063       36.000
      Category 2    0.374      215.000
      Category 3    0.346      199.000
      Category 4    0.217      125.000
    EBB13
      Category 1    0.391      225.000
      Category 2    0.468      269.000
      Category 3    0.103       59.000
      Category 4    0.038       22.000
    EBB14
      Category 1    0.230      132.000
      Category 2    0.471      271.000
      Category 3    0.195      112.000
      Category 4    0.104       60.000
    EBB17
      Category 1    0.434      243.000
      Category 2    0.179      100.000
      Category 3    0.387      217.000
    EBB18
      Category 1    0.415      238.000
      Category 2    0.432      248.000
      Category 3    0.098       56.000
      Category 4    0.056       32.000
    EBB20
      Category 1    0.617      357.000
      Category 2    0.306      177.000
      Category 3    0.062       36.000
      Category 4    0.016        9.000
    EBB22
      Category 1    0.401      232.000
      Category 2    0.452      261.000
      Category 3    0.093       54.000
      Category 4    0.054       31.000
    EBB23
      Category 1    0.290      156.000
      Category 2    0.165       89.000
      Category 3    0.545      293.000
    EBB24
      Category 1    0.360      207.000
      Category 2    0.426      245.000
      Category 3    0.144       83.000
      Category 4    0.070       40.000
    EBB26
      Category 1    0.674      388.000
      Category 2    0.259      149.000
      Category 3    0.043       25.000
      Category 4    0.024       14.000
    EBB27
      Category 1    0.472      268.000
      Category 2    0.377      214.000
      Category 3    0.113       64.000
      Category 4    0.039       22.000
    EBB29
      Category 1    0.452      238.000
      Category 2    0.264      139.000
      Category 3    0.285      150.000
    EBB31
      Category 1    0.532      306.000
      Category 2    0.323      186.000
      Category 3    0.097       56.000
      Category 4    0.047       27.000
    EBB34
      Category 1    0.379      204.000
      Category 2    0.184       99.000
      Category 3    0.437      235.000
    EBB35
      Category 1    0.331      186.000
      Category 2    0.128       72.000
      Category 3    0.541      304.000
    EBB36
      Category 1    0.366      200.000
      Category 2    0.218      119.000
      Category 3    0.417      228.000
    EBB38
      Category 1    0.312      163.000
      Category 2    0.163       85.000
      Category 3    0.525      274.000



THE MODEL ESTIMATION TERMINATED NORMALLY



MODEL FIT INFORMATION

Number of Free Parameters                      133

Chi-Square Test of Model Fit

          Value                           1394.250*
          Degrees of Freedom                   558
          P-Value                           0.0000

*   The chi-square value for MLM, MLMV, MLR, ULSMV, WLSM and WLSMV cannot be used
    for chi-square difference testing in the regular way.  MLM, MLR and WLSM
    chi-square difference testing is described on the Mplus website.  MLMV, WLSMV,
    and ULSMV difference testing is done using the DIFFTEST option.

RMSEA (Root Mean Square Error Of Approximation)

          Estimate                           0.051
          90 Percent C.I.                    0.047  0.054
          Probability RMSEA <= .05           0.360

CFI/TLI

          CFI                                0.955
          TLI                                0.952

Chi-Square Test of Model Fit for the Baseline Model

          Value                          19089.369
          Degrees of Freedom                   595
          P-Value                           0.0000

WRMR (Weighted Root Mean Square Residual)

          Value                              1.365



MODEL RESULTS

                                                    Two-Tailed
                    Estimate       S.E.  Est./S.E.    P-Value

 DEP      BY
    EBADEP1            0.626      0.029     21.448      0.000
    EBADEP2            0.700      0.026     27.327      0.000
    EBADEP4            0.664      0.029     23.174      0.000
    EBADEP5            0.663      0.029     23.222      0.000
    EBADEP10           0.582      0.037     15.645      0.000
    EBADEP18           0.728      0.024     30.462      0.000
    EBADEP23           0.731      0.026     28.587      0.000
    EBADEP24           0.763      0.023     32.623      0.000
    EBADEP28           0.759      0.024     31.730      0.000
    EBADEP29           0.662      0.035     18.754      0.000
    EBADEP31           0.562      0.034     16.569      0.000
    EBADEP38           0.809      0.020     40.878      0.000
    EBADEP40           0.625      0.030     20.493      0.000
    EBADEP43           0.107      0.052      2.076      0.038
    EBADEP45           0.518      0.036     14.379      0.000

 BURN     BY
    EBB5              -0.792      0.028    -28.793      0.000
    EBB6              -0.752      0.029    -26.074      0.000
    EBB8               0.458      0.038     12.201      0.000
    EBB9               0.508      0.033     15.208      0.000
    EBB13              0.687      0.027     25.249      0.000
    EBB14              0.749      0.020     37.592      0.000
    EBB17             -0.572      0.035    -16.154      0.000
    EBB18              0.593      0.032     18.811      0.000
    EBB20              0.681      0.030     22.414      0.000
    EBB22              0.723      0.024     30.187      0.000
    EBB23             -0.628      0.037    -17.112      0.000
    EBB24              0.771      0.020     39.013      0.000
    EBB26              0.395      0.046      8.545      0.000
    EBB27              0.656      0.029     22.638      0.000
    EBB29             -0.482      0.041    -11.867      0.000
    EBB31              0.711      0.027     26.136      0.000
    EBB34             -0.602      0.037    -16.267      0.000
    EBB35             -0.704      0.033    -21.158      0.000
    EBB36             -0.667      0.030    -22.400      0.000
    EBB38             -0.685      0.035    -19.693      0.000

 ACQ      BY
    EBADEP1            1.000      0.000    999.000    999.000
    EBADEP2            1.000      0.000    999.000    999.000
    EBADEP4            1.000      0.000    999.000    999.000
    EBADEP5            1.000      0.000    999.000    999.000
    EBADEP10           1.000      0.000    999.000    999.000
    EBADEP18           1.000      0.000    999.000    999.000
    EBADEP23           1.000      0.000    999.000    999.000
    EBADEP24           1.000      0.000    999.000    999.000
    EBADEP28           1.000      0.000    999.000    999.000
    EBADEP29           1.000      0.000    999.000    999.000
    EBADEP31           1.000      0.000    999.000    999.000
    EBADEP38           1.000      0.000    999.000    999.000
    EBADEP40           1.000      0.000    999.000    999.000
    EBADEP43           1.000      0.000    999.000    999.000
    EBADEP45           1.000      0.000    999.000    999.000
    EBB5               1.000      0.000    999.000    999.000
    EBB6               1.000      0.000    999.000    999.000
    EBB8               1.000      0.000    999.000    999.000
    EBB9               1.000      0.000    999.000    999.000
    EBB13              1.000      0.000    999.000    999.000
    EBB14              1.000      0.000    999.000    999.000
    EBB17              1.000      0.000    999.000    999.000
    EBB18              1.000      0.000    999.000    999.000
    EBB20              1.000      0.000    999.000    999.000
    EBB22              1.000      0.000    999.000    999.000
    EBB23              1.000      0.000    999.000    999.000
    EBB24              1.000      0.000    999.000    999.000
    EBB26              1.000      0.000    999.000    999.000
    EBB27              1.000      0.000    999.000    999.000
    EBB29              1.000      0.000    999.000    999.000
    EBB31              1.000      0.000    999.000    999.000
    EBB34              1.000      0.000    999.000    999.000
    EBB35              1.000      0.000    999.000    999.000
    EBB36              1.000      0.000    999.000    999.000
    EBB38              1.000      0.000    999.000    999.000

 ACQ      WITH
    DEP                0.000      0.000    999.000    999.000
    BURN               0.000      0.000    999.000    999.000

 BURN     WITH
    DEP                0.741      0.026     28.744      0.000

 Thresholds
    EBADEP1$1         -0.352      0.054     -6.581      0.000
    EBADEP1$2          0.292      0.053      5.502      0.000
    EBADEP1$3          0.944      0.062     15.297      0.000
    EBADEP2$1         -0.484      0.055     -8.878      0.000
    EBADEP2$2          0.379      0.054      7.066      0.000
    EBADEP2$3          1.142      0.067     17.123      0.000
    EBADEP4$1          0.247      0.053      4.670      0.000
    EBADEP4$2          1.132      0.067     17.014      0.000
    EBADEP4$3          1.674      0.090     18.609      0.000
    EBADEP5$1          0.229      0.053      4.337      0.000
    EBADEP5$2          0.979      0.063     15.659      0.000
    EBADEP5$3          1.657      0.089     18.634      0.000
    EBADEP10$1         0.413      0.054      7.657      0.000
    EBADEP10$2         1.200      0.069     17.498      0.000
    EBADEP10$3         1.814      0.099     18.245      0.000
    EBADEP18$1         0.184      0.053      3.504      0.000
    EBADEP18$2         0.931      0.061     15.150      0.000
    EBADEP18$3         1.453      0.078     18.564      0.000
    EBADEP23$1         0.379      0.054      7.066      0.000
    EBADEP23$2         1.339      0.073     18.252      0.000
    EBADEP23$3         2.073      0.122     16.921      0.000
    EBADEP24$1         0.420      0.054      7.774      0.000
    EBADEP24$2         1.193      0.068     17.462      0.000
    EBADEP24$3         1.815      0.099     18.258      0.000
    EBADEP28$1         0.308      0.053      5.771      0.000
    EBADEP28$2         1.366      0.075     18.258      0.000
    EBADEP28$3         1.910      0.107     17.775      0.000
    EBADEP29$1         0.822      0.059     13.867      0.000
    EBADEP29$2         1.465      0.079     18.588      0.000
    EBADEP29$3         1.792      0.098     18.321      0.000
    EBADEP31$1        -0.061      0.052     -1.171      0.242
    EBADEP31$2         0.568      0.056     10.219      0.000
    EBADEP31$3         1.073      0.065     16.512      0.000
    EBADEP38$1        -0.218      0.053     -4.133      0.000
    EBADEP38$2         0.544      0.055      9.843      0.000
    EBADEP38$3         1.090      0.065     16.669      0.000
    EBADEP40$1        -0.121      0.053     -2.301      0.021
    EBADEP40$2         0.712      0.058     12.368      0.000
    EBADEP40$3         1.263      0.071     17.818      0.000
    EBADEP43$1        -0.048      0.053     -0.921      0.357
    EBADEP43$2         0.989      0.063     15.700      0.000
    EBADEP43$3         1.501      0.081     18.578      0.000
    EBADEP45$1        -0.351      0.053     -6.570      0.000
    EBADEP45$2         0.771      0.058     13.225      0.000
    EBADEP45$3         1.258      0.070     17.871      0.000
    EBB5$1            -0.376      0.054     -6.913      0.000
    EBB5$2            -0.112      0.053     -2.112      0.035
    EBB6$1            -0.421      0.055     -7.702      0.000
    EBB6$2            -0.101      0.053     -1.900      0.057
    EBB8$1            -0.589      0.056    -10.591      0.000
    EBB8$2             0.782      0.058     13.381      0.000
    EBB8$3             1.593      0.085     18.718      0.000
    EBB9$1            -1.533      0.082    -18.690      0.000
    EBB9$2            -0.160      0.053     -3.043      0.002
    EBB9$3             0.781      0.058     13.352      0.000
    EBB13$1           -0.276      0.053     -5.206      0.000
    EBB13$2            1.076      0.065     16.584      0.000
    EBB13$3            1.771      0.096     18.402      0.000
    EBB14$1           -0.740      0.058    -12.803      0.000
    EBB14$2            0.527      0.055      9.582      0.000
    EBB14$3            1.257      0.070     17.850      0.000
    EBB17$1           -0.166      0.053     -3.126      0.002
    EBB17$2            0.286      0.054      5.317      0.000
    EBB18$1           -0.216      0.053     -4.087      0.000
    EBB18$2            1.022      0.064     16.083      0.000
    EBB18$3            1.591      0.085     18.686      0.000
    EBB20$1            0.297      0.053      5.602      0.000
    EBB20$2            1.421      0.076     18.570      0.000
    EBB20$3            2.156      0.132     16.375      0.000
    EBB22$1           -0.250      0.053     -4.737      0.000
    EBB22$2            1.049      0.064     16.387      0.000
    EBB22$3            1.611      0.086     18.742      0.000
    EBB23$1           -0.553      0.057     -9.685      0.000
    EBB23$2           -0.112      0.054     -2.069      0.039
    EBB24$1           -0.358      0.054     -6.699      0.000
    EBB24$2            0.793      0.059     13.508      0.000
    EBB24$3            1.479      0.079     18.628      0.000
    EBB26$1            0.450      0.054      8.303      0.000
    EBB26$2            1.493      0.080     18.665      0.000
    EBB26$3            1.972      0.112     17.542      0.000
    EBB27$1           -0.071      0.053     -1.343      0.179
    EBB27$2            1.030      0.064     16.074      0.000
    EBB27$3            1.766      0.096     18.306      0.000
    EBB29$1           -0.122      0.055     -2.221      0.026
    EBB29$2            0.569      0.058      9.824      0.000
    EBB31$1            0.081      0.052      1.543      0.123
    EBB31$2            1.061      0.064     16.450      0.000
    EBB31$3            1.675      0.090     18.624      0.000
    EBB34$1           -0.308      0.055     -5.596      0.000
    EBB34$2            0.159      0.054      2.931      0.003
    EBB35$1           -0.437      0.055     -7.987      0.000
    EBB35$2           -0.103      0.053     -1.940      0.052
    EBB36$1           -0.343      0.055     -6.273      0.000
    EBB36$2            0.210      0.054      3.888      0.000
    EBB38$1           -0.489      0.057     -8.540      0.000
    EBB38$2           -0.062      0.055     -1.138      0.255

 Variances
    DEP                1.000      0.000    999.000    999.000
    BURN               1.000      0.000    999.000    999.000
    ACQ                0.103      0.008     13.572      0.000


STANDARDIZED MODEL RESULTS


STDYX Standardization

                                                    Two-Tailed
                    Estimate       S.E.  Est./S.E.    P-Value

 DEP      BY
    EBADEP1            0.626      0.029     21.448      0.000
    EBADEP2            0.700      0.026     27.327      0.000
    EBADEP4            0.664      0.029     23.174      0.000
    EBADEP5            0.663      0.029     23.222      0.000
    EBADEP10           0.582      0.037     15.645      0.000
    EBADEP18           0.728      0.024     30.462      0.000
    EBADEP23           0.731      0.026     28.587      0.000
    EBADEP24           0.763      0.023     32.623      0.000
    EBADEP28           0.759      0.024     31.730      0.000
    EBADEP29           0.662      0.035     18.754      0.000
    EBADEP31           0.562      0.034     16.569      0.000
    EBADEP38           0.809      0.020     40.878      0.000
    EBADEP40           0.625      0.030     20.493      0.000
    EBADEP43           0.107      0.052      2.076      0.038
    EBADEP45           0.518      0.036     14.379      0.000

 BURN     BY
    EBB5              -0.792      0.028    -28.793      0.000
    EBB6              -0.752      0.029    -26.074      0.000
    EBB8               0.458      0.038     12.201      0.000
    EBB9               0.508      0.033     15.208      0.000
    EBB13              0.687      0.027     25.249      0.000
    EBB14              0.749      0.020     37.592      0.000
    EBB17             -0.572      0.035    -16.154      0.000
    EBB18              0.593      0.032     18.811      0.000
    EBB20              0.681      0.030     22.414      0.000
    EBB22              0.723      0.024     30.187      0.000
    EBB23             -0.628      0.037    -17.112      0.000
    EBB24              0.771      0.020     39.013      0.000
    EBB26              0.395      0.046      8.545      0.000
    EBB27              0.656      0.029     22.638      0.000
    EBB29             -0.482      0.041    -11.867      0.000
    EBB31              0.711      0.027     26.136      0.000
    EBB34             -0.602      0.037    -16.267      0.000
    EBB35             -0.704      0.033    -21.158      0.000
    EBB36             -0.667      0.030    -22.400      0.000
    EBB38             -0.685      0.035    -19.693      0.000

 ACQ      BY
    EBADEP1            0.321      0.012     27.145      0.000
    EBADEP2            0.321      0.012     27.145      0.000
    EBADEP4            0.321      0.012     27.145      0.000
    EBADEP5            0.321      0.012     27.145      0.000
    EBADEP10           0.321      0.012     27.145      0.000
    EBADEP18           0.321      0.012     27.145      0.000
    EBADEP23           0.321      0.012     27.145      0.000
    EBADEP24           0.321      0.012     27.145      0.000
    EBADEP28           0.321      0.012     27.145      0.000
    EBADEP29           0.321      0.012     27.145      0.000
    EBADEP31           0.321      0.012     27.145      0.000
    EBADEP38           0.321      0.012     27.145      0.000
    EBADEP40           0.321      0.012     27.145      0.000
    EBADEP43           0.321      0.012     27.145      0.000
    EBADEP45           0.321      0.012     27.145      0.000
    EBB5               0.321      0.012     27.145      0.000
    EBB6               0.321      0.012     27.145      0.000
    EBB8               0.321      0.012     27.145      0.000
    EBB9               0.321      0.012     27.145      0.000
    EBB13              0.321      0.012     27.145      0.000
    EBB14              0.321      0.012     27.145      0.000
    EBB17              0.321      0.012     27.145      0.000
    EBB18              0.321      0.012     27.145      0.000
    EBB20              0.321      0.012     27.145      0.000
    EBB22              0.321      0.012     27.145      0.000
    EBB23              0.321      0.012     27.145      0.000
    EBB24              0.321      0.012     27.145      0.000
    EBB26              0.321      0.012     27.145      0.000
    EBB27              0.321      0.012     27.145      0.000
    EBB29              0.321      0.012     27.145      0.000
    EBB31              0.321      0.012     27.145      0.000
    EBB34              0.321      0.012     27.145      0.000
    EBB35              0.321      0.012     27.145      0.000
    EBB36              0.321      0.012     27.145      0.000
    EBB38              0.321      0.012     27.145      0.000

 ACQ      WITH
    DEP                0.000      0.000    999.000    999.000
    BURN               0.000      0.000    999.000    999.000

 BURN     WITH
    DEP                0.741      0.026     28.744      0.000

 Thresholds
    EBADEP1$1         -0.352      0.054     -6.581      0.000
    EBADEP1$2          0.292      0.053      5.502      0.000
    EBADEP1$3          0.944      0.062     15.297      0.000
    EBADEP2$1         -0.484      0.055     -8.878      0.000
    EBADEP2$2          0.379      0.054      7.066      0.000
    EBADEP2$3          1.142      0.067     17.123      0.000
    EBADEP4$1          0.247      0.053      4.670      0.000
    EBADEP4$2          1.132      0.067     17.014      0.000
    EBADEP4$3          1.674      0.090     18.609      0.000
    EBADEP5$1          0.229      0.053      4.337      0.000
    EBADEP5$2          0.979      0.063     15.659      0.000
    EBADEP5$3          1.657      0.089     18.634      0.000
    EBADEP10$1         0.413      0.054      7.657      0.000
    EBADEP10$2         1.200      0.069     17.498      0.000
    EBADEP10$3         1.814      0.099     18.245      0.000
    EBADEP18$1         0.184      0.053      3.504      0.000
    EBADEP18$2         0.931      0.061     15.150      0.000
    EBADEP18$3         1.453      0.078     18.564      0.000
    EBADEP23$1         0.379      0.054      7.066      0.000
    EBADEP23$2         1.339      0.073     18.252      0.000
    EBADEP23$3         2.073      0.122     16.921      0.000
    EBADEP24$1         0.420      0.054      7.774      0.000
    EBADEP24$2         1.193      0.068     17.462      0.000
    EBADEP24$3         1.815      0.099     18.258      0.000
    EBADEP28$1         0.308      0.053      5.771      0.000
    EBADEP28$2         1.366      0.075     18.258      0.000
    EBADEP28$3         1.910      0.107     17.775      0.000
    EBADEP29$1         0.822      0.059     13.867      0.000
    EBADEP29$2         1.465      0.079     18.588      0.000
    EBADEP29$3         1.792      0.098     18.321      0.000
    EBADEP31$1        -0.061      0.052     -1.171      0.242
    EBADEP31$2         0.568      0.056     10.219      0.000
    EBADEP31$3         1.073      0.065     16.512      0.000
    EBADEP38$1        -0.218      0.053     -4.133      0.000
    EBADEP38$2         0.544      0.055      9.843      0.000
    EBADEP38$3         1.090      0.065     16.669      0.000
    EBADEP40$1        -0.121      0.053     -2.301      0.021
    EBADEP40$2         0.712      0.058     12.368      0.000
    EBADEP40$3         1.263      0.071     17.818      0.000
    EBADEP43$1        -0.048      0.053     -0.921      0.357
    EBADEP43$2         0.989      0.063     15.700      0.000
    EBADEP43$3         1.501      0.081     18.578      0.000
    EBADEP45$1        -0.351      0.053     -6.570      0.000
    EBADEP45$2         0.771      0.058     13.225      0.000
    EBADEP45$3         1.258      0.070     17.871      0.000
    EBB5$1            -0.376      0.054     -6.913      0.000
    EBB5$2            -0.112      0.053     -2.112      0.035
    EBB6$1            -0.421      0.055     -7.702      0.000
    EBB6$2            -0.101      0.053     -1.900      0.057
    EBB8$1            -0.589      0.056    -10.591      0.000
    EBB8$2             0.782      0.058     13.381      0.000
    EBB8$3             1.593      0.085     18.718      0.000
    EBB9$1            -1.533      0.082    -18.690      0.000
    EBB9$2            -0.160      0.053     -3.043      0.002
    EBB9$3             0.781      0.058     13.352      0.000
    EBB13$1           -0.276      0.053     -5.206      0.000
    EBB13$2            1.076      0.065     16.584      0.000
    EBB13$3            1.771      0.096     18.402      0.000
    EBB14$1           -0.740      0.058    -12.803      0.000
    EBB14$2            0.527      0.055      9.582      0.000
    EBB14$3            1.257      0.070     17.850      0.000
    EBB17$1           -0.166      0.053     -3.126      0.002
    EBB17$2            0.286      0.054      5.317      0.000
    EBB18$1           -0.216      0.053     -4.087      0.000
    EBB18$2            1.022      0.064     16.083      0.000
    EBB18$3            1.591      0.085     18.686      0.000
    EBB20$1            0.297      0.053      5.602      0.000
    EBB20$2            1.421      0.076     18.570      0.000
    EBB20$3            2.156      0.132     16.375      0.000
    EBB22$1           -0.250      0.053     -4.737      0.000
    EBB22$2            1.049      0.064     16.387      0.000
    EBB22$3            1.611      0.086     18.742      0.000
    EBB23$1           -0.553      0.057     -9.685      0.000
    EBB23$2           -0.112      0.054     -2.069      0.039
    EBB24$1           -0.358      0.054     -6.699      0.000
    EBB24$2            0.793      0.059     13.508      0.000
    EBB24$3            1.479      0.079     18.628      0.000
    EBB26$1            0.450      0.054      8.303      0.000
    EBB26$2            1.493      0.080     18.665      0.000
    EBB26$3            1.972      0.112     17.542      0.000
    EBB27$1           -0.071      0.053     -1.343      0.179
    EBB27$2            1.030      0.064     16.074      0.000
    EBB27$3            1.766      0.096     18.306      0.000
    EBB29$1           -0.122      0.055     -2.221      0.026
    EBB29$2            0.569      0.058      9.824      0.000
    EBB31$1            0.081      0.052      1.543      0.123
    EBB31$2            1.061      0.064     16.450      0.000
    EBB31$3            1.675      0.090     18.624      0.000
    EBB34$1           -0.308      0.055     -5.596      0.000
    EBB34$2            0.159      0.054      2.931      0.003
    EBB35$1           -0.437      0.055     -7.987      0.000
    EBB35$2           -0.103      0.053     -1.940      0.052
    EBB36$1           -0.343      0.055     -6.273      0.000
    EBB36$2            0.210      0.054      3.888      0.000
    EBB38$1           -0.489      0.057     -8.540      0.000
    EBB38$2           -0.062      0.055     -1.138      0.255

 Variances
    DEP                1.000      0.000    999.000    999.000
    BURN               1.000      0.000    999.000    999.000
    ACQ                1.000      0.000    999.000    999.000


STDY Standardization

                                                    Two-Tailed
                    Estimate       S.E.  Est./S.E.    P-Value

 DEP      BY
    EBADEP1            0.626      0.029     21.448      0.000
    EBADEP2            0.700      0.026     27.327      0.000
    EBADEP4            0.664      0.029     23.174      0.000
    EBADEP5            0.663      0.029     23.222      0.000
    EBADEP10           0.582      0.037     15.645      0.000
    EBADEP18           0.728      0.024     30.462      0.000
    EBADEP23           0.731      0.026     28.587      0.000
    EBADEP24           0.763      0.023     32.623      0.000
    EBADEP28           0.759      0.024     31.730      0.000
    EBADEP29           0.662      0.035     18.754      0.000
    EBADEP31           0.562      0.034     16.569      0.000
    EBADEP38           0.809      0.020     40.878      0.000
    EBADEP40           0.625      0.030     20.493      0.000
    EBADEP43           0.107      0.052      2.076      0.038
    EBADEP45           0.518      0.036     14.379      0.000

 BURN     BY
    EBB5              -0.792      0.028    -28.793      0.000
    EBB6              -0.752      0.029    -26.074      0.000
    EBB8               0.458      0.038     12.201      0.000
    EBB9               0.508      0.033     15.208      0.000
    EBB13              0.687      0.027     25.249      0.000
    EBB14              0.749      0.020     37.592      0.000
    EBB17             -0.572      0.035    -16.154      0.000
    EBB18              0.593      0.032     18.811      0.000
    EBB20              0.681      0.030     22.414      0.000
    EBB22              0.723      0.024     30.187      0.000
    EBB23             -0.628      0.037    -17.112      0.000
    EBB24              0.771      0.020     39.013      0.000
    EBB26              0.395      0.046      8.545      0.000
    EBB27              0.656      0.029     22.638      0.000
    EBB29             -0.482      0.041    -11.867      0.000
    EBB31              0.711      0.027     26.136      0.000
    EBB34             -0.602      0.037    -16.267      0.000
    EBB35             -0.704      0.033    -21.158      0.000
    EBB36             -0.667      0.030    -22.400      0.000
    EBB38             -0.685      0.035    -19.693      0.000

 ACQ      BY
    EBADEP1            0.321      0.012     27.145      0.000
    EBADEP2            0.321      0.012     27.145      0.000
    EBADEP4            0.321      0.012     27.145      0.000
    EBADEP5            0.321      0.012     27.145      0.000
    EBADEP10           0.321      0.012     27.145      0.000
    EBADEP18           0.321      0.012     27.145      0.000
    EBADEP23           0.321      0.012     27.145      0.000
    EBADEP24           0.321      0.012     27.145      0.000
    EBADEP28           0.321      0.012     27.145      0.000
    EBADEP29           0.321      0.012     27.145      0.000
    EBADEP31           0.321      0.012     27.145      0.000
    EBADEP38           0.321      0.012     27.145      0.000
    EBADEP40           0.321      0.012     27.145      0.000
    EBADEP43           0.321      0.012     27.145      0.000
    EBADEP45           0.321      0.012     27.145      0.000
    EBB5               0.321      0.012     27.145      0.000
    EBB6               0.321      0.012     27.145      0.000
    EBB8               0.321      0.012     27.145      0.000
    EBB9               0.321      0.012     27.145      0.000
    EBB13              0.321      0.012     27.145      0.000
    EBB14              0.321      0.012     27.145      0.000
    EBB17              0.321      0.012     27.145      0.000
    EBB18              0.321      0.012     27.145      0.000
    EBB20              0.321      0.012     27.145      0.000
    EBB22              0.321      0.012     27.145      0.000
    EBB23              0.321      0.012     27.145      0.000
    EBB24              0.321      0.012     27.145      0.000
    EBB26              0.321      0.012     27.145      0.000
    EBB27              0.321      0.012     27.145      0.000
    EBB29              0.321      0.012     27.145      0.000
    EBB31              0.321      0.012     27.145      0.000
    EBB34              0.321      0.012     27.145      0.000
    EBB35              0.321      0.012     27.145      0.000
    EBB36              0.321      0.012     27.145      0.000
    EBB38              0.321      0.012     27.145      0.000

 ACQ      WITH
    DEP                0.000      0.000    999.000    999.000
    BURN               0.000      0.000    999.000    999.000

 BURN     WITH
    DEP                0.741      0.026     28.744      0.000

 Thresholds
    EBADEP1$1         -0.352      0.054     -6.581      0.000
    EBADEP1$2          0.292      0.053      5.502      0.000
    EBADEP1$3          0.944      0.062     15.297      0.000
    EBADEP2$1         -0.484      0.055     -8.878      0.000
    EBADEP2$2          0.379      0.054      7.066      0.000
    EBADEP2$3          1.142      0.067     17.123      0.000
    EBADEP4$1          0.247      0.053      4.670      0.000
    EBADEP4$2          1.132      0.067     17.014      0.000
    EBADEP4$3          1.674      0.090     18.609      0.000
    EBADEP5$1          0.229      0.053      4.337      0.000
    EBADEP5$2          0.979      0.063     15.659      0.000
    EBADEP5$3          1.657      0.089     18.634      0.000
    EBADEP10$1         0.413      0.054      7.657      0.000
    EBADEP10$2         1.200      0.069     17.498      0.000
    EBADEP10$3         1.814      0.099     18.245      0.000
    EBADEP18$1         0.184      0.053      3.504      0.000
    EBADEP18$2         0.931      0.061     15.150      0.000
    EBADEP18$3         1.453      0.078     18.564      0.000
    EBADEP23$1         0.379      0.054      7.066      0.000
    EBADEP23$2         1.339      0.073     18.252      0.000
    EBADEP23$3         2.073      0.122     16.921      0.000
    EBADEP24$1         0.420      0.054      7.774      0.000
    EBADEP24$2         1.193      0.068     17.462      0.000
    EBADEP24$3         1.815      0.099     18.258      0.000
    EBADEP28$1         0.308      0.053      5.771      0.000
    EBADEP28$2         1.366      0.075     18.258      0.000
    EBADEP28$3         1.910      0.107     17.775      0.000
    EBADEP29$1         0.822      0.059     13.867      0.000
    EBADEP29$2         1.465      0.079     18.588      0.000
    EBADEP29$3         1.792      0.098     18.321      0.000
    EBADEP31$1        -0.061      0.052     -1.171      0.242
    EBADEP31$2         0.568      0.056     10.219      0.000
    EBADEP31$3         1.073      0.065     16.512      0.000
    EBADEP38$1        -0.218      0.053     -4.133      0.000
    EBADEP38$2         0.544      0.055      9.843      0.000
    EBADEP38$3         1.090      0.065     16.669      0.000
    EBADEP40$1        -0.121      0.053     -2.301      0.021
    EBADEP40$2         0.712      0.058     12.368      0.000
    EBADEP40$3         1.263      0.071     17.818      0.000
    EBADEP43$1        -0.048      0.053     -0.921      0.357
    EBADEP43$2         0.989      0.063     15.700      0.000
    EBADEP43$3         1.501      0.081     18.578      0.000
    EBADEP45$1        -0.351      0.053     -6.570      0.000
    EBADEP45$2         0.771      0.058     13.225      0.000
    EBADEP45$3         1.258      0.070     17.871      0.000
    EBB5$1            -0.376      0.054     -6.913      0.000
    EBB5$2            -0.112      0.053     -2.112      0.035
    EBB6$1            -0.421      0.055     -7.702      0.000
    EBB6$2            -0.101      0.053     -1.900      0.057
    EBB8$1            -0.589      0.056    -10.591      0.000
    EBB8$2             0.782      0.058     13.381      0.000
    EBB8$3             1.593      0.085     18.718      0.000
    EBB9$1            -1.533      0.082    -18.690      0.000
    EBB9$2            -0.160      0.053     -3.043      0.002
    EBB9$3             0.781      0.058     13.352      0.000
    EBB13$1           -0.276      0.053     -5.206      0.000
    EBB13$2            1.076      0.065     16.584      0.000
    EBB13$3            1.771      0.096     18.402      0.000
    EBB14$1           -0.740      0.058    -12.803      0.000
    EBB14$2            0.527      0.055      9.582      0.000
    EBB14$3            1.257      0.070     17.850      0.000
    EBB17$1           -0.166      0.053     -3.126      0.002
    EBB17$2            0.286      0.054      5.317      0.000
    EBB18$1           -0.216      0.053     -4.087      0.000
    EBB18$2            1.022      0.064     16.083      0.000
    EBB18$3            1.591      0.085     18.686      0.000
    EBB20$1            0.297      0.053      5.602      0.000
    EBB20$2            1.421      0.076     18.570      0.000
    EBB20$3            2.156      0.132     16.375      0.000
    EBB22$1           -0.250      0.053     -4.737      0.000
    EBB22$2            1.049      0.064     16.387      0.000
    EBB22$3            1.611      0.086     18.742      0.000
    EBB23$1           -0.553      0.057     -9.685      0.000
    EBB23$2           -0.112      0.054     -2.069      0.039
    EBB24$1           -0.358      0.054     -6.699      0.000
    EBB24$2            0.793      0.059     13.508      0.000
    EBB24$3            1.479      0.079     18.628      0.000
    EBB26$1            0.450      0.054      8.303      0.000
    EBB26$2            1.493      0.080     18.665      0.000
    EBB26$3            1.972      0.112     17.542      0.000
    EBB27$1           -0.071      0.053     -1.343      0.179
    EBB27$2            1.030      0.064     16.074      0.000
    EBB27$3            1.766      0.096     18.306      0.000
    EBB29$1           -0.122      0.055     -2.221      0.026
    EBB29$2            0.569      0.058      9.824      0.000
    EBB31$1            0.081      0.052      1.543      0.123
    EBB31$2            1.061      0.064     16.450      0.000
    EBB31$3            1.675      0.090     18.624      0.000
    EBB34$1           -0.308      0.055     -5.596      0.000
    EBB34$2            0.159      0.054      2.931      0.003
    EBB35$1           -0.437      0.055     -7.987      0.000
    EBB35$2           -0.103      0.053     -1.940      0.052
    EBB36$1           -0.343      0.055     -6.273      0.000
    EBB36$2            0.210      0.054      3.888      0.000
    EBB38$1           -0.489      0.057     -8.540      0.000
    EBB38$2           -0.062      0.055     -1.138      0.255

 Variances
    DEP                1.000      0.000    999.000    999.000
    BURN               1.000      0.000    999.000    999.000
    ACQ                1.000      0.000    999.000    999.000


STD Standardization

                                                    Two-Tailed
                    Estimate       S.E.  Est./S.E.    P-Value

 DEP      BY
    EBADEP1            0.626      0.029     21.448      0.000
    EBADEP2            0.700      0.026     27.327      0.000
    EBADEP4            0.664      0.029     23.174      0.000
    EBADEP5            0.663      0.029     23.222      0.000
    EBADEP10           0.582      0.037     15.645      0.000
    EBADEP18           0.728      0.024     30.462      0.000
    EBADEP23           0.731      0.026     28.587      0.000
    EBADEP24           0.763      0.023     32.623      0.000
    EBADEP28           0.759      0.024     31.730      0.000
    EBADEP29           0.662      0.035     18.754      0.000
    EBADEP31           0.562      0.034     16.569      0.000
    EBADEP38           0.809      0.020     40.878      0.000
    EBADEP40           0.625      0.030     20.493      0.000
    EBADEP43           0.107      0.052      2.076      0.038
    EBADEP45           0.518      0.036     14.379      0.000

 BURN     BY
    EBB5              -0.792      0.028    -28.793      0.000
    EBB6              -0.752      0.029    -26.074      0.000
    EBB8               0.458      0.038     12.201      0.000
    EBB9               0.508      0.033     15.208      0.000
    EBB13              0.687      0.027     25.249      0.000
    EBB14              0.749      0.020     37.592      0.000
    EBB17             -0.572      0.035    -16.154      0.000
    EBB18              0.593      0.032     18.811      0.000
    EBB20              0.681      0.030     22.414      0.000
    EBB22              0.723      0.024     30.187      0.000
    EBB23             -0.628      0.037    -17.112      0.000
    EBB24              0.771      0.020     39.013      0.000
    EBB26              0.395      0.046      8.545      0.000
    EBB27              0.656      0.029     22.638      0.000
    EBB29             -0.482      0.041    -11.867      0.000
    EBB31              0.711      0.027     26.136      0.000
    EBB34             -0.602      0.037    -16.267      0.000
    EBB35             -0.704      0.033    -21.158      0.000
    EBB36             -0.667      0.030    -22.400      0.000
    EBB38             -0.685      0.035    -19.693      0.000

 ACQ      BY
    EBADEP1            0.321      0.012     27.145      0.000
    EBADEP2            0.321      0.012     27.145      0.000
    EBADEP4            0.321      0.012     27.145      0.000
    EBADEP5            0.321      0.012     27.145      0.000
    EBADEP10           0.321      0.012     27.145      0.000
    EBADEP18           0.321      0.012     27.145      0.000
    EBADEP23           0.321      0.012     27.145      0.000
    EBADEP24           0.321      0.012     27.145      0.000
    EBADEP28           0.321      0.012     27.145      0.000
    EBADEP29           0.321      0.012     27.145      0.000
    EBADEP31           0.321      0.012     27.145      0.000
    EBADEP38           0.321      0.012     27.145      0.000
    EBADEP40           0.321      0.012     27.145      0.000
    EBADEP43           0.321      0.012     27.145      0.000
    EBADEP45           0.321      0.012     27.145      0.000
    EBB5               0.321      0.012     27.145      0.000
    EBB6               0.321      0.012     27.145      0.000
    EBB8               0.321      0.012     27.145      0.000
    EBB9               0.321      0.012     27.145      0.000
    EBB13              0.321      0.012     27.145      0.000
    EBB14              0.321      0.012     27.145      0.000
    EBB17              0.321      0.012     27.145      0.000
    EBB18              0.321      0.012     27.145      0.000
    EBB20              0.321      0.012     27.145      0.000
    EBB22              0.321      0.012     27.145      0.000
    EBB23              0.321      0.012     27.145      0.000
    EBB24              0.321      0.012     27.145      0.000
    EBB26              0.321      0.012     27.145      0.000
    EBB27              0.321      0.012     27.145      0.000
    EBB29              0.321      0.012     27.145      0.000
    EBB31              0.321      0.012     27.145      0.000
    EBB34              0.321      0.012     27.145      0.000
    EBB35              0.321      0.012     27.145      0.000
    EBB36              0.321      0.012     27.145      0.000
    EBB38              0.321      0.012     27.145      0.000

 ACQ      WITH
    DEP                0.000      0.000    999.000    999.000
    BURN               0.000      0.000    999.000    999.000

 BURN     WITH
    DEP                0.741      0.026     28.744      0.000

 Thresholds
    EBADEP1$1         -0.352      0.054     -6.581      0.000
    EBADEP1$2          0.292      0.053      5.502      0.000
    EBADEP1$3          0.944      0.062     15.297      0.000
    EBADEP2$1         -0.484      0.055     -8.878      0.000
    EBADEP2$2          0.379      0.054      7.066      0.000
    EBADEP2$3          1.142      0.067     17.123      0.000
    EBADEP4$1          0.247      0.053      4.670      0.000
    EBADEP4$2          1.132      0.067     17.014      0.000
    EBADEP4$3          1.674      0.090     18.609      0.000
    EBADEP5$1          0.229      0.053      4.337      0.000
    EBADEP5$2          0.979      0.063     15.659      0.000
    EBADEP5$3          1.657      0.089     18.634      0.000
    EBADEP10$1         0.413      0.054      7.657      0.000
    EBADEP10$2         1.200      0.069     17.498      0.000
    EBADEP10$3         1.814      0.099     18.245      0.000
    EBADEP18$1         0.184      0.053      3.504      0.000
    EBADEP18$2         0.931      0.061     15.150      0.000
    EBADEP18$3         1.453      0.078     18.564      0.000
    EBADEP23$1         0.379      0.054      7.066      0.000
    EBADEP23$2         1.339      0.073     18.252      0.000
    EBADEP23$3         2.073      0.122     16.921      0.000
    EBADEP24$1         0.420      0.054      7.774      0.000
    EBADEP24$2         1.193      0.068     17.462      0.000
    EBADEP24$3         1.815      0.099     18.258      0.000
    EBADEP28$1         0.308      0.053      5.771      0.000
    EBADEP28$2         1.366      0.075     18.258      0.000
    EBADEP28$3         1.910      0.107     17.775      0.000
    EBADEP29$1         0.822      0.059     13.867      0.000
    EBADEP29$2         1.465      0.079     18.588      0.000
    EBADEP29$3         1.792      0.098     18.321      0.000
    EBADEP31$1        -0.061      0.052     -1.171      0.242
    EBADEP31$2         0.568      0.056     10.219      0.000
    EBADEP31$3         1.073      0.065     16.512      0.000
    EBADEP38$1        -0.218      0.053     -4.133      0.000
    EBADEP38$2         0.544      0.055      9.843      0.000
    EBADEP38$3         1.090      0.065     16.669      0.000
    EBADEP40$1        -0.121      0.053     -2.301      0.021
    EBADEP40$2         0.712      0.058     12.368      0.000
    EBADEP40$3         1.263      0.071     17.818      0.000
    EBADEP43$1        -0.048      0.053     -0.921      0.357
    EBADEP43$2         0.989      0.063     15.700      0.000
    EBADEP43$3         1.501      0.081     18.578      0.000
    EBADEP45$1        -0.351      0.053     -6.570      0.000
    EBADEP45$2         0.771      0.058     13.225      0.000
    EBADEP45$3         1.258      0.070     17.871      0.000
    EBB5$1            -0.376      0.054     -6.913      0.000
    EBB5$2            -0.112      0.053     -2.112      0.035
    EBB6$1            -0.421      0.055     -7.702      0.000
    EBB6$2            -0.101      0.053     -1.900      0.057
    EBB8$1            -0.589      0.056    -10.591      0.000
    EBB8$2             0.782      0.058     13.381      0.000
    EBB8$3             1.593      0.085     18.718      0.000
    EBB9$1            -1.533      0.082    -18.690      0.000
    EBB9$2            -0.160      0.053     -3.043      0.002
    EBB9$3             0.781      0.058     13.352      0.000
    EBB13$1           -0.276      0.053     -5.206      0.000
    EBB13$2            1.076      0.065     16.584      0.000
    EBB13$3            1.771      0.096     18.402      0.000
    EBB14$1           -0.740      0.058    -12.803      0.000
    EBB14$2            0.527      0.055      9.582      0.000
    EBB14$3            1.257      0.070     17.850      0.000
    EBB17$1           -0.166      0.053     -3.126      0.002
    EBB17$2            0.286      0.054      5.317      0.000
    EBB18$1           -0.216      0.053     -4.087      0.000
    EBB18$2            1.022      0.064     16.083      0.000
    EBB18$3            1.591      0.085     18.686      0.000
    EBB20$1            0.297      0.053      5.602      0.000
    EBB20$2            1.421      0.076     18.570      0.000
    EBB20$3            2.156      0.132     16.375      0.000
    EBB22$1           -0.250      0.053     -4.737      0.000
    EBB22$2            1.049      0.064     16.387      0.000
    EBB22$3            1.611      0.086     18.742      0.000
    EBB23$1           -0.553      0.057     -9.685      0.000
    EBB23$2           -0.112      0.054     -2.069      0.039
    EBB24$1           -0.358      0.054     -6.699      0.000
    EBB24$2            0.793      0.059     13.508      0.000
    EBB24$3            1.479      0.079     18.628      0.000
    EBB26$1            0.450      0.054      8.303      0.000
    EBB26$2            1.493      0.080     18.665      0.000
    EBB26$3            1.972      0.112     17.542      0.000
    EBB27$1           -0.071      0.053     -1.343      0.179
    EBB27$2            1.030      0.064     16.074      0.000
    EBB27$3            1.766      0.096     18.306      0.000
    EBB29$1           -0.122      0.055     -2.221      0.026
    EBB29$2            0.569      0.058      9.824      0.000
    EBB31$1            0.081      0.052      1.543      0.123
    EBB31$2            1.061      0.064     16.450      0.000
    EBB31$3            1.675      0.090     18.624      0.000
    EBB34$1           -0.308      0.055     -5.596      0.000
    EBB34$2            0.159      0.054      2.931      0.003
    EBB35$1           -0.437      0.055     -7.987      0.000
    EBB35$2           -0.103      0.053     -1.940      0.052
    EBB36$1           -0.343      0.055     -6.273      0.000
    EBB36$2            0.210      0.054      3.888      0.000
    EBB38$1           -0.489      0.057     -8.540      0.000
    EBB38$2           -0.062      0.055     -1.138      0.255

 Variances
    DEP                1.000      0.000    999.000    999.000
    BURN               1.000      0.000    999.000    999.000
    ACQ                1.000      0.000    999.000    999.000


R-SQUARE

    Observed                                        Two-Tailed   Residual
    Variable        Estimate       S.E.  Est./S.E.    P-Value    Variance

    EBADEP1            0.496      0.036     13.733      0.000      0.504
    EBADEP2            0.593      0.036     16.623      0.000      0.407
    EBADEP4            0.544      0.038     14.337      0.000      0.456
    EBADEP5            0.543      0.038     14.339      0.000      0.457
    EBADEP10           0.442      0.044     10.046      0.000      0.558
    EBADEP18           0.634      0.035     18.092      0.000      0.366
    EBADEP23           0.637      0.037     17.245      0.000      0.363
    EBADEP24           0.686      0.035     19.456      0.000      0.314
    EBADEP28           0.679      0.037     18.593      0.000      0.321
    EBADEP29           0.541      0.048     11.356      0.000      0.459
    EBADEP31           0.419      0.038     11.037      0.000      0.581
    EBADEP38           0.758      0.031     24.586      0.000      0.242
    EBADEP40           0.494      0.037     13.179      0.000      0.506
    EBADEP43           0.115      0.013      9.145      0.000      0.885
    EBADEP45           0.371      0.037     10.008      0.000      0.629
    EBB5               0.731      0.044     16.747      0.000      0.269
    EBB6               0.668      0.043     15.480      0.000      0.332
    EBB8               0.313      0.035      9.011      0.000      0.687
    EBB9               0.361      0.033     10.880      0.000      0.639
    EBB13              0.575      0.037     15.579      0.000      0.425
    EBB14              0.665      0.028     23.383      0.000      0.335
    EBB17              0.430      0.040     10.736      0.000      0.570
    EBB18              0.455      0.037     12.213      0.000      0.545
    EBB20              0.567      0.041     13.691      0.000      0.433
    EBB22              0.627      0.034     18.355      0.000      0.373
    EBB23              0.497      0.046     10.690      0.000      0.503
    EBB24              0.698      0.030     23.401      0.000      0.302
    EBB26              0.260      0.037      7.003      0.000      0.740
    EBB27              0.533      0.038     14.044      0.000      0.467
    EBB29              0.336      0.039      8.533      0.000      0.664
    EBB31              0.609      0.039     15.735      0.000      0.391
    EBB34              0.466      0.044     10.561      0.000      0.534
    EBB35              0.600      0.047     12.826      0.000      0.400
    EBB36              0.549      0.040     13.759      0.000      0.451
    EBB38              0.572      0.047     12.111      0.000      0.428


QUALITY OF NUMERICAL RESULTS

     Condition Number for the Information Matrix              0.218E-03
       (ratio of smallest to largest eigenvalue)


MODEL MODIFICATION INDICES

NOTE:  Modification indices for direct effects of observed dependent variables
regressed on covariates and residual covariances among observed dependent
variables may not be included.  To include these, request MODINDICES (ALL).

Minimum M.I. value for printing the modification index    10.000

                                   M.I.     E.P.C.  Std E.P.C.  StdYX E.P.C.

BY Statements

DEP      BY EBB5                  14.972    -0.236     -0.236       -0.236
DEP      BY EBB20                 15.133    -0.203     -0.203       -0.203
DEP      BY EBB29                 13.043    -0.232     -0.232       -0.232
BURN     BY EBADEP18              12.514    -0.172     -0.172       -0.172
BURN     BY EBADEP28              10.730    -0.163     -0.163       -0.163
BURN     BY EBADEP38              32.301     0.255      0.255        0.255
ACQ      BY EBADEP5               12.100    -0.386     -0.124       -0.124
ACQ      BY EBADEP23              13.893    -0.404     -0.130       -0.130
ACQ      BY EBADEP43              33.764    -0.694     -0.223       -0.223
ACQ      BY EBB14                 17.012     0.384      0.123        0.123
ACQ      BY EBB24                 17.130     0.380      0.122        0.122
ACQ      BY EBB27                 37.783     0.616      0.198        0.198

ON/BY Statements

DEP      ON ACQ      /
ACQ      BY DEP                   74.969    -0.582     -0.187       -0.187
BURN     ON ACQ      /
ACQ      BY BURN                  66.471     0.712      0.229        0.229
ACQ      ON DEP      /
DEP      BY ACQ                   80.743    -0.139     -0.434       -0.434

WITH Statements

ACQ      WITH DEP                 74.969    -0.060     -0.187       -0.187
ACQ      WITH BURN                66.471     0.074      0.229        0.229


DIAGRAM INFORMATION

  Use View Diagram under the Diagram menu in the Mplus Editor to view the diagram.
  If running Mplus from the Mplus Diagrammer, the diagram opens automatically.

  Diagram output
    c:\users\hauck\onedrive\google drive\manuscritos\manuscrito hugo, mak, jheny\ebb.dgm

     Beginning Time:  15:22:15
        Ending Time:  15:22:35
       Elapsed Time:  00:00:20



MUTHEN & MUTHEN
3463 Stoner Ave.
Los Angeles, CA  90066

Tel: (310) 391-9971
Fax: (310) 391-8971
Web: www.StatModel.com
Support: Support@StatModel.com

Copyright (c) 1998-2013 Muthen & Muthen
