Mplus VERSION 7.11
MUTHEN & MUTHEN
07/05/2022  11:04 AM

INPUT INSTRUCTIONS

  TITLE: Your title goes here
  DATA: FILE = "EBB.dat";
  VARIABLE:
  NAMES = ID Hospital Idade Sexo Ecivil Nfilhos Formacao Tempoformacao Tempotrabalho
       Tempofuncao Cargahoraria Turno Outraatividade EVENT1 EVENT2 EVENT3 EVENT4
       EVENT5 EVENT6 EVENT7 EVENT8 EVENT9 EVENT10 EVENT11 EVENT12 EVENT13 EVENT14
       EVENT15 EVENT16 EVENT17 EVENT18 EVENT19 EVENT20 EVENT21 EVENT22 EVENT23 EVENT24
       EVENT25 EVENT26 EVENT27 EVENT28 EVENT29 EVENT30 EVENT31 EVENT32 EVENT33 EVENT34
       EVENT35 EVENT36 EVENT37 EVENT38 EVENT39 EVENT40 ESUL1 ESUL2 ESUL3 ESUL4 ESUL5
       ESUL6 ESUL7 ESUL8 ESUL9 ESUL10 ESUL11 ESUL12 ESUL13 ESUL14 ESUL15 ESUL16 ESUL17
       ESUL18 ESUL19 ESUL20 ESUL21 EBADEP1 EBADEP2 EBADEP3 EBADEP4 EBADEP5 EBADEP6
       EBADEP7 EBADEP8 EBADEP9 EBADEP10 EBADEP11 EBADEP12 EBADEP13 EBADEP14 EBADEP15
       EBADEP16 EBADEP17 EBADEP18 EBADEP19 EBADEP20 EBADEP21 EBADEP22 EBADEP23
       EBADEP24 EBADEP25 EBADEP26 EBADEP27 EBADEP28 EBADEP29 EBADEP30 EBADEP31
       EBADEP32 EBADEP33 EBADEP34 EBADEP35 EBADEP36 EBADEP37 EBADEP38 EBADEP39
       EBADEP40 EBADEP41 EBADEP42 EBADEP43 EBADEP44 EBADEP45 ECOGA1 ECOGA2 ECOGA3
       ECOGA4 ECOGA5 ECOGA6 ECOGA7 ECOGA8 ECOGA9 ECOGA10 ECOGA11 ECOGA12 ECOGA13
       ECOGA14 ECOGA15 ECOGA16 ECOGA17 ECOGA18 ECOGA19 ECOGA20 ECOGA21 ECOGA22 ECOGA23
       ECOGA24 ECOGA25 ECOGA26 ECOGA27 ECOGA28 ECOGA29 ECOGA30 ECOGA31 ECOGA32 ECOGA33
       ECOGA34 ECOGA35 ECOGA36 ECOGA37 ECOGA38 ECOGA39 ECOGA40 EBB1 EBB2 EBB3 EBB4
       EBB5 EBB6 EBB7 EBB8 EBB9 EBB10 EBB11 EBB12 EBB13 EBB14 EBB15 EBB16 EBB17 EBB18
       EBB19 EBB20 EBB21 EBB22 EBB23 EBB24 EBB25 EBB26 EBB27 EBB28 EBB29 EBB30 EBB31
       EBB32 EBB33 EBB34 EBB35 EBB36 EBB37 EBB38 EVENTTot ESULF1 ESULF2 ESULTot
       EBADEPTot ECOGAF1 ECOGAF2 ECOGAF3 ECOGAF4 ECOGATot EBBF1 EBBF2 EBBTot
       IdadeClass FormacaoClass TempoTrabClass TempoFuncaoClass EVENTF1 EVENTF2
       EVENTF3 EVENT1Class EVENT2Class EVENTF3Class ESULF1Class ESULF2Class
       EBADEPClass ECOGAF1Class ECOGAF2Class ECOGAF3Classi ECOGAF4Class EBBF1Class
       EBBF2Class;
  MISSING=.;
  IDVARIABLE = ID;
  USEVARIABLE =
  EBADEP1 EBADEP2 EBADEP4 EBADEP5 EBADEP10 EBADEP18
  EBADEP23 EBADEP24 EBADEP28 EBADEP29 EBADEP31 EBADEP38
  EBADEP40 EBADEP43 EBADEP45
  EBB5 EBB6 EBB8 EBB9 EBB13 EBB14 EBB17 EBB18
  EBB20 EBB22 EBB23 EBB24 EBB26 EBB27 EBB29 EBB31
  EBB34 EBB35 EBB36 EBB38

  !EBADEPTot
  !EBBF1 EBBF2
  !EVENTTot
  !EXHAUST
  !BURNOUT
  !DEPRESSION
  ;
  !CLASSES = c(5);
  !AUXILIARY=EVENTTot;
  !DEFINE:
  !EBB5 =EBB5+1;
  !EBB6 =EBB6+1;
  !EBB8 =EBB8+1;
  !EBB9 =EBB9+1;
  !EBB13 =EBB13+1;
  !EBB14 =EBB14+1;
  !EBB17 =EBB17+1;
  !EBB18 =EBB18+1;
  !EBB20 =EBB20+1;
  !EBB22 =EBB22+1;
  !EBB23 =EBB23+1;
  !EBB24 =EBB24+1;
  !EBB26 =EBB26+1;
  !EBB27 =EBB27+1;
  !EBB29 =EBB29+1;
  !EBB31=EBB31+1;
  !EBB34 =EBB34+1;
  !EBB35 =EBB35+1;
  !EBB36 =EBB36+1;
  !EBB38=EBB38+1;

  !BURNOUT = ((5-EBB5)+(5-EBB6)+EBB8+EBB9+EBB13+EBB14+(5-EBB17)+EBB18+
  !EBB20+EBB22+(5-EBB23)+EBB24+EBB26+EBB27+(5-EBB29)+EBB31+
  !(5-EBB34)+(5-EBB35)+(5-EBB36)+(5-EBB38))/20;

  !DEPRESSION = (EBADEP1+EBADEP2+EBADEP4+EBADEP5+EBADEP10+EBADEP18+
  !EBADEP23+EBADEP24+EBADEP28+EBADEP29+EBADEP31+EBADEP38+
  !EBADEP40+EBADEP43+EBADEP45)/15;

  !STANDARDIZE BURNOUT DEPRESSION ;
  !CATEGORICAL = ALL;
  ANALYSIS:
  !TYPE=EFA 1 3;
  !ROTATION=BI-GEOMIN(OBLIQUE);
  !TYPE = MIXTURE;
  !ESTIMATOR IS MLR;
  !STARTS = 100 10;!COMEÇAR TESTANDO COM MENOS, TIPO 100 10. O VALOR ALTO É PARA AS SOLUÇÕES
  !LRTSTARTS = 0 0 100 10
  !OPTSEED = 939021;
  !ALGORITHM=INTEGRATION;
  !PROCESS = 3 (STARTS);
  !ITERATIONS = 10000;
  !CONVERGENCE = 0.001;

  MODEL:
  !dep by EBADEP1 EBADEP2 EBADEP4 EBADEP5 EBADEP10 EBADEP18
  !EBADEP23 EBADEP24 EBADEP28 EBADEP29 EBADEP31 EBADEP38
  !EBADEP40 EBADEP43 EBADEP45;
  !burn by EBB5@-.79 EBB6 EBB8 EBB9 EBB13 EBB14 EBB17 EBB18
  !EBB20 EBB22 EBB23 EBB24 EBB26 EBB27 EBB29 EBB31
  !EBB34 EBB35 EBB36 EBB38;

  !F1-F3 by EBADEP1 EBADEP2 EBADEP4 EBADEP5 EBADEP10 EBADEP18
  !EBADEP23 EBADEP24 EBADEP28 EBADEP29 EBADEP31 EBADEP38
  !EBADEP40 EBADEP43 EBADEP45
  !EBB5 EBB6 EBB8 EBB9 EBB13 EBB14 EBB17 EBB18
  !EBB20 EBB22 EBB23 EBB24 EBB26 EBB27 EBB29 EBB31
  !EBB34 EBB35 EBB36 EBB38 (*1);

  !FG by EBADEP1* EBADEP2 EBADEP4 EBADEP5 EBADEP10 EBADEP18
  !EBADEP23 EBADEP24 EBADEP28 EBADEP29 EBADEP31 EBADEP38
  !EBADEP40 EBADEP43 EBADEP45
  !EBB5 EBB6 EBB8 EBB9 EBB13 EBB14 EBB17 EBB18
  !EBB20 EBB22 EBB23 EBB24 EBB26 EBB27 EBB29 EBB31
  !EBB34 EBB35 EBB36 EBB38 ;
  !FG@1;

  DEP by EBADEP1* EBADEP2 EBADEP4 EBADEP5 EBADEP10 EBADEP18
  EBADEP23 EBADEP24 EBADEP28 EBADEP29 EBADEP31 EBADEP38
  EBADEP40 EBADEP43 EBADEP45;
  DEP@1;

  BURN by EBB5* EBB6 EBB8 EBB9 EBB13 EBB14 EBB17 EBB18
  EBB20 EBB22 EBB23 EBB24 EBB26 EBB27 EBB29 EBB31
  EBB34 EBB35 EBB36 EBB38;
  BURN@1;

  !acq by EBB5@1 EBB6@1 EBB8@1 EBB9@1 EBB13@1 EBB14@1 EBB17@1 EBB18@1
  !EBB20@1 EBB22@1 EBB23@1 EBB24@1 EBB26@1 EBB27@1 EBB29@1 EBB31@1
  !EBB34@1 EBB35@1 EBB36@1 EBB38@1;
  !Acq;
  !Acq with BURN@0;

  !FG with DEP@0 BURN@0;

  !acq by
  !EBADEP1@1 EBADEP2@1 EBADEP4@1 EBADEP5@1 EBADEP10@1 EBADEP18@1
  !EBADEP23@1 EBADEP24@1 EBADEP28@1 EBADEP29@1 EBADEP31@1 EBADEP38@1
  !EBADEP40@1 EBADEP43@1 EBADEP45@1
  !EBB5@1 EBB6@1 EBB8@1 EBB9@1 EBB13@1 EBB14@1 EBB17@1 EBB18@1
  !EBB20@1 EBB22@1 EBB23@1 EBB24@1 EBB26@1 EBB27@1 EBB29@1 EBB31@1
  !EBB34@1 EBB35@1 EBB36@1 EBB38@1;
  !acq@.103;
  !acq with FG@0 DEP@0 BURN@0;
  !acq with DEP@0 BURN@0;


  !F1 by EBB8* EBB9 EBB13 EBB14  EBB18
  !EBB20 EBB22 EBB23 EBB24 EBB26 EBB27 EBB29 EBB31
  !EBB34 EBB35 EBB36 EBB38;
  !F1@1;

  !F2 by EBB5* EBB6 EBB17 EBB23 EBB29 EBB34 EBB35 EBB36 EBB38;
  !F2@1;

  !acq by EBB5@1 EBB6@1 EBB8@1 EBB9@1 EBB13@1 EBB14@1 EBB17@1 EBB18@1
  !EBB20@1 EBB22@1 EBB23@1 EBB24@1 EBB26@1 EBB27@1 EBB29@1 EBB31@1
  !EBB34@1 EBB35@1 EBB36@1 EBB38@1;
  !acq@.109;
  !acq with F1@0 F2@0;



  !acq by EBADEP1@1 EBADEP2@1 EBADEP4@1 EBADEP5@1 EBADEP10@1 EBADEP18@1
  !EBADEP23@1 EBADEP24@1 EBADEP28@1 EBADEP29@1 EBADEP31@1 EBADEP38@1
  !EBADEP40@1 EBADEP43@1 EBADEP45@1
  !EBB5@1 EBB6@1 EBB8@1 EBB9@1 EBB13@1 EBB14@1 EBB17@1 EBB18@1
  !EBB20@1 EBB22@1 EBB23@1 EBB24@1 EBB26@1 EBB27@1 EBB29@1 EBB31@1
  !EBB34@1 EBB35@1 EBB36@1 EBB38@1;
  !acq@.103;
  !acq with F1@0 F2@0 F3@0;
  !acq with FG@0 DEP@0 BURN@0;


  !MODEL:
  !%OVERALL%
  !c ON EVENTTot;


  Output: standardized modindices tech7 tech15;
  !OUTPUT: tech11 tech14;

  !PLOT:
  !type is plot3;
  !series is DEPRESSION (1) BURNOUT (2);

  !SAVEDATA:
  !file is 5 classes.txt;
  !save is cprob;
  !format is free;



*** WARNING in OUTPUT command
  TECH7 option is available only with TYPE=MIXTURE.
  Request for TECH7 is ignored.
*** WARNING in OUTPUT command
  TECH15 option is only available for TYPE=MIXTURE.
  Request for TECH15 will be ignored.
*** WARNING
  Data set contains cases with missing on all variables.
  These cases were not included in the analysis.
  Number of cases with missing on all variables:  1
   3 WARNING(S) FOUND IN THE INPUT INSTRUCTIONS



Your title goes here

SUMMARY OF ANALYSIS

Number of groups                                                 1
Number of observations                                         583

Number of dependent variables                                   35
Number of independent variables                                  0
Number of continuous latent variables                            2

Observed dependent variables

  Continuous
   EBADEP1     EBADEP2     EBADEP4     EBADEP5     EBADEP10    EBADEP18
   EBADEP23    EBADEP24    EBADEP28    EBADEP29    EBADEP31    EBADEP38
   EBADEP40    EBADEP43    EBADEP45    EBB5        EBB6        EBB8
   EBB9        EBB13       EBB14       EBB17       EBB18       EBB20
   EBB22       EBB23       EBB24       EBB26       EBB27       EBB29
   EBB31       EBB34       EBB35       EBB36       EBB38

Continuous latent variables
   DEP         BURN

Variables with special functions

  ID variable           ID

Estimator                                                       ML
Information matrix                                        OBSERVED
Maximum number of iterations                                  1000
Convergence criterion                                    0.500D-04
Maximum number of steepest descent iterations                   20
Maximum number of iterations for H1                           2000
Convergence criterion for H1                             0.100D-03

Input data file(s)
  EBB.dat

Input data format  FREE


SUMMARY OF DATA

     Number of missing data patterns           128


COVARIANCE COVERAGE OF DATA

Minimum covariance coverage value   0.100


     PROPORTION OF DATA PRESENT


           Covariance Coverage
              EBADEP1       EBADEP2       EBADEP4       EBADEP5       EBADEP10
              ________      ________      ________      ________      ________
 EBADEP1        0.985
 EBADEP2        0.983         0.988
 EBADEP4        0.979         0.983         0.985
 EBADEP5        0.981         0.983         0.979         0.985
 EBADEP10       0.979         0.985         0.979         0.979         0.985
 EBADEP18       0.979         0.983         0.979         0.979         0.979
 EBADEP23       0.983         0.986         0.983         0.983         0.983
 EBADEP24       0.981         0.985         0.981         0.981         0.981
 EBADEP28       0.973         0.976         0.973         0.973         0.974
 EBADEP29       0.979         0.983         0.979         0.979         0.979
 EBADEP31       0.976         0.979         0.976         0.976         0.976
 EBADEP38       0.978         0.981         0.979         0.978         0.978
 EBADEP40       0.974         0.978         0.974         0.974         0.974
 EBADEP43       0.973         0.976         0.973         0.973         0.974
 EBADEP45       0.983         0.986         0.983         0.983         0.983
 EBB5           0.945         0.949         0.947         0.945         0.945
 EBB6           0.947         0.950         0.949         0.947         0.947
 EBB8           0.973         0.976         0.974         0.973         0.973
 EBB9           0.971         0.974         0.971         0.971         0.971
 EBB13          0.971         0.974         0.971         0.971         0.971
 EBB14          0.971         0.974         0.971         0.971         0.971
 EBB17          0.945         0.949         0.947         0.945         0.945
 EBB18          0.969         0.973         0.969         0.969         0.969
 EBB20          0.978         0.981         0.978         0.978         0.978
 EBB22          0.976         0.979         0.976         0.976         0.978
 EBB23          0.907         0.911         0.911         0.907         0.909
 EBB24          0.973         0.974         0.971         0.973         0.971
 EBB26          0.973         0.976         0.974         0.973         0.973
 EBB27          0.959         0.962         0.959         0.959         0.959
 EBB29          0.892         0.894         0.892         0.892         0.890
 EBB31          0.971         0.974         0.971         0.971         0.971
 EBB34          0.909         0.913         0.911         0.909         0.909
 EBB35          0.949         0.952         0.949         0.949         0.949
 EBB36          0.925         0.928         0.928         0.925         0.925
 EBB38          0.880         0.885         0.882         0.880         0.882


           Covariance Coverage
              EBADEP18      EBADEP23      EBADEP24      EBADEP28      EBADEP29
              ________      ________      ________      ________      ________
 EBADEP18       0.985
 EBADEP23       0.983         0.988
 EBADEP24       0.981         0.985         0.986
 EBADEP28       0.973         0.976         0.974         0.978
 EBADEP29       0.981         0.983         0.981         0.973         0.985
 EBADEP31       0.976         0.979         0.978         0.969         0.976
 EBADEP38       0.978         0.981         0.979         0.971         0.978
 EBADEP40       0.974         0.978         0.976         0.967         0.974
 EBADEP43       0.973         0.976         0.974         0.967         0.973
 EBADEP45       0.983         0.986         0.985         0.976         0.983
 EBB5           0.945         0.949         0.947         0.938         0.945
 EBB6           0.949         0.950         0.949         0.940         0.947
 EBB8           0.973         0.976         0.974         0.966         0.973
 EBB9           0.971         0.974         0.973         0.964         0.971
 EBB13          0.971         0.974         0.973         0.964         0.971
 EBB14          0.971         0.974         0.973         0.966         0.971
 EBB17          0.945         0.949         0.947         0.938         0.945
 EBB18          0.969         0.973         0.971         0.962         0.969
 EBB20          0.978         0.981         0.979         0.971         0.978
 EBB22          0.976         0.979         0.978         0.971         0.979
 EBB23          0.907         0.911         0.911         0.902         0.907
 EBB24          0.971         0.974         0.973         0.964         0.971
 EBB26          0.973         0.976         0.974         0.966         0.973
 EBB27          0.961         0.962         0.962         0.952         0.961
 EBB29          0.892         0.895         0.894         0.883         0.894
 EBB31          0.971         0.974         0.973         0.964         0.973
 EBB34          0.911         0.913         0.911         0.902         0.913
 EBB35          0.949         0.952         0.950         0.942         0.949
 EBB36          0.925         0.928         0.928         0.918         0.925
 EBB38          0.880         0.883         0.883         0.873         0.882


           Covariance Coverage
              EBADEP31      EBADEP38      EBADEP40      EBADEP43      EBADEP45
              ________      ________      ________      ________      ________
 EBADEP31       0.981
 EBADEP38       0.974         0.983
 EBADEP40       0.971         0.973         0.979
 EBADEP43       0.969         0.971         0.969         0.978
 EBADEP45       0.979         0.981         0.978         0.976         0.988
 EBB5           0.942         0.943         0.940         0.938         0.950
 EBB6           0.943         0.945         0.942         0.940         0.950
 EBB8           0.971         0.973         0.967         0.967         0.976
 EBB9           0.967         0.969         0.967         0.964         0.974
 EBB13          0.967         0.969         0.966         0.964         0.974
 EBB14          0.967         0.969         0.966         0.964         0.974
 EBB17          0.942         0.943         0.940         0.938         0.949
 EBB18          0.966         0.967         0.964         0.962         0.973
 EBB20          0.974         0.976         0.973         0.971         0.981
 EBB22          0.973         0.974         0.971         0.971         0.979
 EBB23          0.907         0.909         0.902         0.906         0.911
 EBB24          0.967         0.969         0.967         0.964         0.974
 EBB26          0.969         0.973         0.967         0.967         0.976
 EBB27          0.955         0.957         0.954         0.952         0.962
 EBB29          0.890         0.889         0.885         0.883         0.895
 EBB31          0.967         0.969         0.966         0.964         0.974
 EBB34          0.911         0.911         0.906         0.904         0.913
 EBB35          0.947         0.947         0.943         0.943         0.952
 EBB36          0.923         0.925         0.919         0.919         0.928
 EBB38          0.882         0.878         0.877         0.877         0.883


           Covariance Coverage
              EBB5          EBB6          EBB8          EBB9          EBB13
              ________      ________      ________      ________      ________
 EBB5           0.961
 EBB6           0.940         0.962
 EBB8           0.950         0.952         0.988
 EBB9           0.950         0.950         0.976         0.986
 EBB13          0.949         0.950         0.976         0.978         0.986
 EBB14          0.952         0.952         0.976         0.976         0.976
 EBB17          0.933         0.935         0.954         0.950         0.949
 EBB18          0.949         0.949         0.974         0.973         0.973
 EBB20          0.955         0.957         0.983         0.981         0.981
 EBB22          0.955         0.955         0.981         0.979         0.979
 EBB23          0.895         0.899         0.916         0.911         0.913
 EBB24          0.949         0.950         0.978         0.974         0.974
 EBB26          0.950         0.952         0.979         0.976         0.976
 EBB27          0.942         0.943         0.966         0.962         0.962
 EBB29          0.877         0.878         0.894         0.895         0.897
 EBB31          0.949         0.950         0.976         0.974         0.974
 EBB34          0.895         0.892         0.914         0.913         0.916
 EBB35          0.931         0.935         0.954         0.954         0.955
 EBB36          0.909         0.913         0.930         0.928         0.928
 EBB38          0.871         0.868         0.887         0.885         0.889


           Covariance Coverage
              EBB14         EBB17         EBB18         EBB20         EBB22
              ________      ________      ________      ________      ________
 EBB14          0.986
 EBB17          0.954         0.961
 EBB18          0.974         0.950         0.985
 EBB20          0.981         0.955         0.979         0.993
 EBB22          0.979         0.954         0.978         0.986         0.991
 EBB23          0.913         0.895         0.911         0.918         0.918
 EBB24          0.974         0.952         0.973         0.981         0.979
 EBB26          0.976         0.950         0.976         0.983         0.981
 EBB27          0.962         0.940         0.962         0.969         0.967
 EBB29          0.895         0.875         0.892         0.901         0.899
 EBB31          0.974         0.949         0.973         0.981         0.981
 EBB34          0.914         0.895         0.909         0.918         0.918
 EBB35          0.954         0.931         0.950         0.961         0.957
 EBB36          0.928         0.909         0.925         0.933         0.931
 EBB38          0.887         0.868         0.883         0.890         0.890


           Covariance Coverage
              EBB23         EBB24         EBB26         EBB27         EBB29
              ________      ________      ________      ________      ________
 EBB23          0.923
 EBB24          0.914         0.986
 EBB26          0.914         0.976         0.988
 EBB27          0.902         0.964         0.966         0.974
 EBB29          0.842         0.894         0.894         0.889         0.904
 EBB31          0.911         0.974         0.976         0.962         0.899
 EBB34          0.859         0.911         0.913         0.902         0.852
 EBB35          0.901         0.952         0.954         0.942         0.883
 EBB36          0.883         0.926         0.930         0.921         0.859
 EBB38          0.839         0.883         0.885         0.877         0.827


           Covariance Coverage
              EBB31         EBB34         EBB35         EBB36         EBB38
              ________      ________      ________      ________      ________
 EBB31          0.986
 EBB34          0.913         0.923
 EBB35          0.952         0.907         0.964
 EBB36          0.926         0.885         0.925         0.938
 EBB38          0.885         0.846         0.878         0.859         0.895



THE MODEL ESTIMATION TERMINATED NORMALLY



MODEL FIT INFORMATION

Number of Free Parameters                      106

Loglikelihood

          H0 Value                      -23886.348
          H1 Value                      -22615.802

Information Criteria

          Akaike (AIC)                   47984.695
          Bayesian (BIC)                 48447.723
          Sample-Size Adjusted BIC       48111.212
            (n* = (n + 2) / 24)

Chi-Square Test of Model Fit

          Value                           2541.092
          Degrees of Freedom                   559
          P-Value                           0.0000

RMSEA (Root Mean Square Error Of Approximation)

          Estimate                           0.078
          90 Percent C.I.                    0.075  0.081
          Probability RMSEA <= .05           0.000

CFI/TLI

          CFI                                0.773
          TLI                                0.759

Chi-Square Test of Model Fit for the Baseline Model

          Value                           9343.527
          Degrees of Freedom                   595
          P-Value                           0.0000

SRMR (Standardized Root Mean Square Residual)

          Value                              0.071



MODEL RESULTS

                                                    Two-Tailed
                    Estimate       S.E.  Est./S.E.    P-Value

 DEP      BY
    EBADEP1            0.683      0.043     15.848      0.000
    EBADEP2            0.683      0.038     17.856      0.000
    EBADEP4            0.556      0.032     17.603      0.000
    EBADEP5            0.563      0.033     16.864      0.000
    EBADEP10           0.455      0.031     14.652      0.000
    EBADEP18           0.674      0.034     19.573      0.000
    EBADEP23           0.481      0.027     17.838      0.000
    EBADEP24           0.561      0.030     18.975      0.000
    EBADEP28           0.539      0.027     20.102      0.000
    EBADEP29           0.423      0.028     15.169      0.000
    EBADEP31           0.603      0.043     13.924      0.000
    EBADEP38           0.814      0.038     21.331      0.000
    EBADEP40           0.602      0.040     15.236      0.000
    EBADEP43           0.182      0.038      4.782      0.000
    EBADEP45           0.537      0.037     14.371      0.000

 BURN     BY
    EBB5              -0.792      0.058    -13.620      0.000
    EBB6              -0.768      0.059    -12.903      0.000
    EBB8               0.383      0.033     11.568      0.000
    EBB9               0.473      0.035     13.556      0.000
    EBB13              0.518      0.030     17.454      0.000
    EBB14              0.677      0.033     20.648      0.000
    EBB17             -0.592      0.059    -10.088      0.000
    EBB18              0.480      0.033     14.604      0.000
    EBB20              0.450      0.026     17.365      0.000
    EBB22              0.586      0.030     19.417      0.000
    EBB23             -0.668      0.060    -11.182      0.000
    EBB24              0.678      0.032     21.452      0.000
    EBB26              0.248      0.029      8.578      0.000
    EBB27              0.532      0.032     16.812      0.000
    EBB29             -0.464      0.056     -8.258      0.000
    EBB31              0.583      0.031     18.670      0.000
    EBB34             -0.570      0.060     -9.460      0.000
    EBB35             -0.644      0.059    -10.829      0.000
    EBB36             -0.748      0.060    -12.466      0.000
    EBB38             -0.708      0.060    -11.889      0.000

 BURN     WITH
    DEP                0.752      0.022     33.815      0.000

 Intercepts
    EBADEP1            1.192      0.046     25.814      0.000
    EBADEP2            1.163      0.042     27.675      0.000
    EBADEP4            0.578      0.035     16.721      0.000
    EBADEP5            0.619      0.036     17.083      0.000
    EBADEP10           0.489      0.033     14.920      0.000
    EBADEP18           0.677      0.039     17.489      0.000
    EBADEP23           0.461      0.030     15.593      0.000
    EBADEP24           0.490      0.033     14.904      0.000
    EBADEP28           0.494      0.030     16.213      0.000
    EBADEP29           0.311      0.030     10.508      0.000
    EBADEP31           0.949      0.045     20.907      0.000
    EBADEP38           1.016      0.044     23.070      0.000
    EBADEP40           0.894      0.042     21.472      0.000
    EBADEP43           0.749      0.037     20.261      0.000
    EBADEP45           0.960      0.039     24.387      0.000
    EBB5               1.728      0.060     29.011      0.000
    EBB6               1.720      0.059     29.009      0.000
    EBB8               0.994      0.034     29.369      0.000
    EBB9               1.718      0.036     47.274      0.000
    EBB13              0.790      0.032     24.432      0.000
    EBB14              1.170      0.037     31.262      0.000
    EBB17              1.345      0.058     23.287      0.000
    EBB18              0.796      0.035     22.961      0.000
    EBB20              0.477      0.028     16.842      0.000
    EBB22              0.799      0.034     23.549      0.000
    EBB23              1.785      0.058     30.575      0.000
    EBB24              0.919      0.037     25.142      0.000
    EBB26              0.420      0.029     14.619      0.000
    EBB27              0.722      0.034     21.211      0.000
    EBB29              1.113      0.055     20.413      0.000
    EBB31              0.660      0.035     18.967      0.000
    EBB34              1.482      0.059     25.130      0.000
    EBB35              1.742      0.059     29.699      0.000
    EBB36              1.428      0.058     24.511      0.000
    EBB38              1.731      0.059     29.130      0.000

 Variances
    DEP                1.000      0.000    999.000    999.000
    BURN               1.000      0.000    999.000    999.000

 Residual Variances
    EBADEP1            0.761      0.047     16.030      0.000
    EBADEP2            0.554      0.035     15.715      0.000
    EBADEP4            0.381      0.024     15.748      0.000
    EBADEP5            0.441      0.028     15.911      0.000
    EBADEP10           0.413      0.025     16.230      0.000
    EBADEP18           0.411      0.027     15.282      0.000
    EBADEP23           0.275      0.018     15.685      0.000
    EBADEP24           0.310      0.020     15.443      0.000
    EBADEP28           0.242      0.016     15.107      0.000
    EBADEP29           0.326      0.020     16.158      0.000
    EBADEP31           0.819      0.050     16.265      0.000
    EBADEP38           0.457      0.031     14.797      0.000
    EBADEP40           0.634      0.039     16.055      0.000
    EBADEP43           0.745      0.044     16.819      0.000
    EBADEP45           0.606      0.037     16.299      0.000
    EBB5               1.382      0.087     15.947      0.000
    EBB6               1.401      0.087     16.032      0.000
    EBB8               0.514      0.031     16.557      0.000
    EBB9               0.539      0.033     16.329      0.000
    EBB13              0.336      0.021     15.750      0.000
    EBB14              0.353      0.024     14.953      0.000
    EBB17              1.530      0.094     16.350      0.000
    EBB18              0.463      0.029     16.202      0.000
    EBB20              0.264      0.017     15.905      0.000
    EBB22              0.325      0.021     15.430      0.000
    EBB23              1.419      0.089     15.907      0.000
    EBB24              0.314      0.021     14.646      0.000
    EBB26              0.415      0.025     16.758      0.000
    EBB27              0.381      0.024     15.658      0.000
    EBB29              1.369      0.086     15.994      0.000
    EBB31              0.359      0.023     15.565      0.000
    EBB34              1.568      0.098     16.055      0.000
    EBB35              1.533      0.094     16.280      0.000
    EBB36              1.323      0.084     15.802      0.000
    EBB38              1.391      0.089     15.579      0.000


STANDARDIZED MODEL RESULTS


STDYX Standardization

                                                    Two-Tailed
                    Estimate       S.E.  Est./S.E.    P-Value

 DEP      BY
    EBADEP1            0.617      0.028     22.195      0.000
    EBADEP2            0.676      0.025     27.480      0.000
    EBADEP4            0.669      0.025     26.771      0.000
    EBADEP5            0.647      0.026     24.743      0.000
    EBADEP10           0.578      0.030     19.515      0.000
    EBADEP18           0.725      0.022     33.156      0.000
    EBADEP23           0.676      0.025     27.428      0.000
    EBADEP24           0.709      0.023     31.126      0.000
    EBADEP28           0.739      0.021     35.078      0.000
    EBADEP29           0.595      0.029     20.641      0.000
    EBADEP31           0.555      0.031     18.023      0.000
    EBADEP38           0.769      0.019     40.222      0.000
    EBADEP40           0.603      0.029     20.975      0.000
    EBADEP43           0.207      0.042      4.930      0.000
    EBADEP45           0.568      0.030     18.916      0.000

 BURN     BY
    EBB5              -0.559      0.032    -17.648      0.000
    EBB6              -0.544      0.033    -16.517      0.000
    EBB8               0.471      0.034     13.777      0.000
    EBB9               0.542      0.031     17.278      0.000
    EBB13              0.666      0.025     26.409      0.000
    EBB14              0.752      0.020     37.073      0.000
    EBB17             -0.432      0.037    -11.644      0.000
    EBB18              0.577      0.030     19.403      0.000
    EBB20              0.659      0.025     25.963      0.000
    EBB22              0.717      0.022     32.346      0.000
    EBB23             -0.489      0.036    -13.563      0.000
    EBB24              0.771      0.019     40.350      0.000
    EBB26              0.359      0.038      9.445      0.000
    EBB27              0.653      0.026     24.794      0.000
    EBB29             -0.368      0.040     -9.142      0.000
    EBB31              0.697      0.023     29.871      0.000
    EBB34             -0.414      0.038    -10.774      0.000
    EBB35             -0.461      0.036    -12.776      0.000
    EBB36             -0.545      0.034    -16.010      0.000
    EBB38             -0.515      0.035    -14.736      0.000

 BURN     WITH
    DEP                0.752      0.022     33.815      0.000

 Intercepts
    EBADEP1            1.075      0.052     20.500      0.000
    EBADEP2            1.151      0.054     21.426      0.000
    EBADEP4            0.696      0.046     14.993      0.000
    EBADEP5            0.712      0.047     15.237      0.000
    EBADEP10           0.622      0.046     13.652      0.000
    EBADEP18           0.728      0.047     15.543      0.000
    EBADEP23           0.649      0.046     14.164      0.000
    EBADEP24           0.620      0.045     13.645      0.000
    EBADEP28           0.676      0.046     14.623      0.000
    EBADEP29           0.438      0.044     10.026      0.000
    EBADEP31           0.872      0.049     17.767      0.000
    EBADEP38           0.960      0.050     19.061      0.000
    EBADEP40           0.896      0.049     18.132      0.000
    EBADEP43           0.848      0.049     17.386      0.000
    EBADEP45           1.015      0.051     19.785      0.000
    EBB5               1.219      0.056     21.812      0.000
    EBB6               1.219      0.057     21.575      0.000
    EBB8               1.222      0.055     22.200      0.000
    EBB9               1.968      0.071     27.566      0.000
    EBB13              1.016      0.051     19.837      0.000
    EBB14              1.299      0.057     22.975      0.000
    EBB17              0.981      0.051     19.113      0.000
    EBB18              0.956      0.050     19.029      0.000
    EBB20              0.699      0.046     15.105      0.000
    EBB22              0.978      0.050     19.370      0.000
    EBB23              1.307      0.059     22.083      0.000
    EBB24              1.045      0.052     20.193      0.000
    EBB26              0.609      0.045     13.440      0.000
    EBB27              0.886      0.049     17.973      0.000
    EBB29              0.884      0.051     17.222      0.000
    EBB31              0.789      0.048     16.568      0.000
    EBB34              1.077      0.054     19.811      0.000
    EBB35              1.249      0.057     22.088      0.000
    EBB36              1.041      0.054     19.184      0.000
    EBB38              1.259      0.059     21.513      0.000

 Variances
    DEP                1.000      0.000    999.000    999.000
    BURN               1.000      0.000    999.000    999.000

 Residual Variances
    EBADEP1            0.620      0.034     18.078      0.000
    EBADEP2            0.543      0.033     16.321      0.000
    EBADEP4            0.552      0.033     16.517      0.000
    EBADEP5            0.582      0.034     17.202      0.000
    EBADEP10           0.666      0.034     19.462      0.000
    EBADEP18           0.474      0.032     14.963      0.000
    EBADEP23           0.543      0.033     16.282      0.000
    EBADEP24           0.497      0.032     15.368      0.000
    EBADEP28           0.455      0.031     14.620      0.000
    EBADEP29           0.646      0.034     18.855      0.000
    EBADEP31           0.692      0.034     20.282      0.000
    EBADEP38           0.408      0.029     13.868      0.000
    EBADEP40           0.636      0.035     18.345      0.000
    EBADEP43           0.957      0.017     55.201      0.000
    EBADEP45           0.677      0.034     19.862      0.000
    EBB5               0.688      0.035     19.447      0.000
    EBB6               0.704      0.036     19.639      0.000
    EBB8               0.779      0.032     24.219      0.000
    EBB9               0.707      0.034     20.816      0.000
    EBB13              0.556      0.034     16.526      0.000
    EBB14              0.435      0.030     14.268      0.000
    EBB17              0.813      0.032     25.392      0.000
    EBB18              0.667      0.034     19.444      0.000
    EBB20              0.566      0.033     16.937      0.000
    EBB22              0.486      0.032     15.276      0.000
    EBB23              0.761      0.035     21.586      0.000
    EBB24              0.405      0.029     13.750      0.000
    EBB26              0.871      0.027     31.869      0.000
    EBB27              0.574      0.034     16.688      0.000
    EBB29              0.864      0.030     29.104      0.000
    EBB31              0.514      0.033     15.794      0.000
    EBB34              0.829      0.032     26.042      0.000
    EBB35              0.787      0.033     23.645      0.000
    EBB36              0.703      0.037     18.919      0.000
    EBB38              0.735      0.036     20.433      0.000


STDY Standardization

                                                    Two-Tailed
                    Estimate       S.E.  Est./S.E.    P-Value

 DEP      BY
    EBADEP1            0.617      0.028     22.195      0.000
    EBADEP2            0.676      0.025     27.480      0.000
    EBADEP4            0.669      0.025     26.771      0.000
    EBADEP5            0.647      0.026     24.743      0.000
    EBADEP10           0.578      0.030     19.515      0.000
    EBADEP18           0.725      0.022     33.156      0.000
    EBADEP23           0.676      0.025     27.428      0.000
    EBADEP24           0.709      0.023     31.126      0.000
    EBADEP28           0.739      0.021     35.078      0.000
    EBADEP29           0.595      0.029     20.641      0.000
    EBADEP31           0.555      0.031     18.023      0.000
    EBADEP38           0.769      0.019     40.222      0.000
    EBADEP40           0.603      0.029     20.975      0.000
    EBADEP43           0.207      0.042      4.930      0.000
    EBADEP45           0.568      0.030     18.916      0.000

 BURN     BY
    EBB5              -0.559      0.032    -17.648      0.000
    EBB6              -0.544      0.033    -16.517      0.000
    EBB8               0.471      0.034     13.777      0.000
    EBB9               0.542      0.031     17.278      0.000
    EBB13              0.666      0.025     26.409      0.000
    EBB14              0.752      0.020     37.073      0.000
    EBB17             -0.432      0.037    -11.644      0.000
    EBB18              0.577      0.030     19.403      0.000
    EBB20              0.659      0.025     25.963      0.000
    EBB22              0.717      0.022     32.346      0.000
    EBB23             -0.489      0.036    -13.563      0.000
    EBB24              0.771      0.019     40.350      0.000
    EBB26              0.359      0.038      9.445      0.000
    EBB27              0.653      0.026     24.794      0.000
    EBB29             -0.368      0.040     -9.142      0.000
    EBB31              0.697      0.023     29.871      0.000
    EBB34             -0.414      0.038    -10.774      0.000
    EBB35             -0.461      0.036    -12.776      0.000
    EBB36             -0.545      0.034    -16.010      0.000
    EBB38             -0.515      0.035    -14.736      0.000

 BURN     WITH
    DEP                0.752      0.022     33.815      0.000

 Intercepts
    EBADEP1            1.075      0.052     20.500      0.000
    EBADEP2            1.151      0.054     21.426      0.000
    EBADEP4            0.696      0.046     14.993      0.000
    EBADEP5            0.712      0.047     15.237      0.000
    EBADEP10           0.622      0.046     13.652      0.000
    EBADEP18           0.728      0.047     15.543      0.000
    EBADEP23           0.649      0.046     14.164      0.000
    EBADEP24           0.620      0.045     13.645      0.000
    EBADEP28           0.676      0.046     14.623      0.000
    EBADEP29           0.438      0.044     10.026      0.000
    EBADEP31           0.872      0.049     17.767      0.000
    EBADEP38           0.960      0.050     19.061      0.000
    EBADEP40           0.896      0.049     18.132      0.000
    EBADEP43           0.848      0.049     17.386      0.000
    EBADEP45           1.015      0.051     19.785      0.000
    EBB5               1.219      0.056     21.812      0.000
    EBB6               1.219      0.057     21.575      0.000
    EBB8               1.222      0.055     22.200      0.000
    EBB9               1.968      0.071     27.566      0.000
    EBB13              1.016      0.051     19.837      0.000
    EBB14              1.299      0.057     22.975      0.000
    EBB17              0.981      0.051     19.113      0.000
    EBB18              0.956      0.050     19.029      0.000
    EBB20              0.699      0.046     15.105      0.000
    EBB22              0.978      0.050     19.370      0.000
    EBB23              1.307      0.059     22.083      0.000
    EBB24              1.045      0.052     20.193      0.000
    EBB26              0.609      0.045     13.440      0.000
    EBB27              0.886      0.049     17.973      0.000
    EBB29              0.884      0.051     17.222      0.000
    EBB31              0.789      0.048     16.568      0.000
    EBB34              1.077      0.054     19.811      0.000
    EBB35              1.249      0.057     22.088      0.000
    EBB36              1.041      0.054     19.184      0.000
    EBB38              1.259      0.059     21.513      0.000

 Variances
    DEP                1.000      0.000    999.000    999.000
    BURN               1.000      0.000    999.000    999.000

 Residual Variances
    EBADEP1            0.620      0.034     18.078      0.000
    EBADEP2            0.543      0.033     16.321      0.000
    EBADEP4            0.552      0.033     16.517      0.000
    EBADEP5            0.582      0.034     17.202      0.000
    EBADEP10           0.666      0.034     19.462      0.000
    EBADEP18           0.474      0.032     14.963      0.000
    EBADEP23           0.543      0.033     16.282      0.000
    EBADEP24           0.497      0.032     15.368      0.000
    EBADEP28           0.455      0.031     14.620      0.000
    EBADEP29           0.646      0.034     18.855      0.000
    EBADEP31           0.692      0.034     20.282      0.000
    EBADEP38           0.408      0.029     13.868      0.000
    EBADEP40           0.636      0.035     18.345      0.000
    EBADEP43           0.957      0.017     55.201      0.000
    EBADEP45           0.677      0.034     19.862      0.000
    EBB5               0.688      0.035     19.447      0.000
    EBB6               0.704      0.036     19.639      0.000
    EBB8               0.779      0.032     24.219      0.000
    EBB9               0.707      0.034     20.816      0.000
    EBB13              0.556      0.034     16.526      0.000
    EBB14              0.435      0.030     14.268      0.000
    EBB17              0.813      0.032     25.392      0.000
    EBB18              0.667      0.034     19.444      0.000
    EBB20              0.566      0.033     16.937      0.000
    EBB22              0.486      0.032     15.276      0.000
    EBB23              0.761      0.035     21.586      0.000
    EBB24              0.405      0.029     13.750      0.000
    EBB26              0.871      0.027     31.869      0.000
    EBB27              0.574      0.034     16.688      0.000
    EBB29              0.864      0.030     29.104      0.000
    EBB31              0.514      0.033     15.794      0.000
    EBB34              0.829      0.032     26.042      0.000
    EBB35              0.787      0.033     23.645      0.000
    EBB36              0.703      0.037     18.919      0.000
    EBB38              0.735      0.036     20.433      0.000


STD Standardization

                                                    Two-Tailed
                    Estimate       S.E.  Est./S.E.    P-Value

 DEP      BY
    EBADEP1            0.683      0.043     15.848      0.000
    EBADEP2            0.683      0.038     17.856      0.000
    EBADEP4            0.556      0.032     17.603      0.000
    EBADEP5            0.563      0.033     16.864      0.000
    EBADEP10           0.455      0.031     14.652      0.000
    EBADEP18           0.674      0.034     19.573      0.000
    EBADEP23           0.481      0.027     17.838      0.000
    EBADEP24           0.561      0.030     18.975      0.000
    EBADEP28           0.539      0.027     20.102      0.000
    EBADEP29           0.423      0.028     15.169      0.000
    EBADEP31           0.603      0.043     13.924      0.000
    EBADEP38           0.814      0.038     21.331      0.000
    EBADEP40           0.602      0.040     15.236      0.000
    EBADEP43           0.182      0.038      4.782      0.000
    EBADEP45           0.537      0.037     14.371      0.000

 BURN     BY
    EBB5              -0.792      0.058    -13.620      0.000
    EBB6              -0.768      0.059    -12.903      0.000
    EBB8               0.383      0.033     11.568      0.000
    EBB9               0.473      0.035     13.556      0.000
    EBB13              0.518      0.030     17.454      0.000
    EBB14              0.677      0.033     20.648      0.000
    EBB17             -0.592      0.059    -10.088      0.000
    EBB18              0.480      0.033     14.604      0.000
    EBB20              0.450      0.026     17.365      0.000
    EBB22              0.586      0.030     19.417      0.000
    EBB23             -0.668      0.060    -11.182      0.000
    EBB24              0.678      0.032     21.452      0.000
    EBB26              0.248      0.029      8.578      0.000
    EBB27              0.532      0.032     16.812      0.000
    EBB29             -0.464      0.056     -8.258      0.000
    EBB31              0.583      0.031     18.670      0.000
    EBB34             -0.570      0.060     -9.460      0.000
    EBB35             -0.644      0.059    -10.829      0.000
    EBB36             -0.748      0.060    -12.466      0.000
    EBB38             -0.708      0.060    -11.889      0.000

 BURN     WITH
    DEP                0.752      0.022     33.815      0.000

 Intercepts
    EBADEP1            1.192      0.046     25.814      0.000
    EBADEP2            1.163      0.042     27.675      0.000
    EBADEP4            0.578      0.035     16.721      0.000
    EBADEP5            0.619      0.036     17.083      0.000
    EBADEP10           0.489      0.033     14.920      0.000
    EBADEP18           0.677      0.039     17.489      0.000
    EBADEP23           0.461      0.030     15.593      0.000
    EBADEP24           0.490      0.033     14.904      0.000
    EBADEP28           0.494      0.030     16.213      0.000
    EBADEP29           0.311      0.030     10.508      0.000
    EBADEP31           0.949      0.045     20.907      0.000
    EBADEP38           1.016      0.044     23.070      0.000
    EBADEP40           0.894      0.042     21.472      0.000
    EBADEP43           0.749      0.037     20.261      0.000
    EBADEP45           0.960      0.039     24.387      0.000
    EBB5               1.728      0.060     29.011      0.000
    EBB6               1.720      0.059     29.009      0.000
    EBB8               0.994      0.034     29.369      0.000
    EBB9               1.718      0.036     47.274      0.000
    EBB13              0.790      0.032     24.432      0.000
    EBB14              1.170      0.037     31.262      0.000
    EBB17              1.345      0.058     23.287      0.000
    EBB18              0.796      0.035     22.961      0.000
    EBB20              0.477      0.028     16.842      0.000
    EBB22              0.799      0.034     23.549      0.000
    EBB23              1.785      0.058     30.575      0.000
    EBB24              0.919      0.037     25.142      0.000
    EBB26              0.420      0.029     14.619      0.000
    EBB27              0.722      0.034     21.211      0.000
    EBB29              1.113      0.055     20.413      0.000
    EBB31              0.660      0.035     18.967      0.000
    EBB34              1.482      0.059     25.130      0.000
    EBB35              1.742      0.059     29.699      0.000
    EBB36              1.428      0.058     24.511      0.000
    EBB38              1.731      0.059     29.130      0.000

 Variances
    DEP                1.000      0.000    999.000    999.000
    BURN               1.000      0.000    999.000    999.000

 Residual Variances
    EBADEP1            0.761      0.047     16.030      0.000
    EBADEP2            0.554      0.035     15.715      0.000
    EBADEP4            0.381      0.024     15.748      0.000
    EBADEP5            0.441      0.028     15.911      0.000
    EBADEP10           0.413      0.025     16.230      0.000
    EBADEP18           0.411      0.027     15.282      0.000
    EBADEP23           0.275      0.018     15.685      0.000
    EBADEP24           0.310      0.020     15.443      0.000
    EBADEP28           0.242      0.016     15.107      0.000
    EBADEP29           0.326      0.020     16.158      0.000
    EBADEP31           0.819      0.050     16.265      0.000
    EBADEP38           0.457      0.031     14.797      0.000
    EBADEP40           0.634      0.039     16.055      0.000
    EBADEP43           0.745      0.044     16.819      0.000
    EBADEP45           0.606      0.037     16.299      0.000
    EBB5               1.382      0.087     15.947      0.000
    EBB6               1.401      0.087     16.032      0.000
    EBB8               0.514      0.031     16.557      0.000
    EBB9               0.539      0.033     16.329      0.000
    EBB13              0.336      0.021     15.750      0.000
    EBB14              0.353      0.024     14.953      0.000
    EBB17              1.530      0.094     16.350      0.000
    EBB18              0.463      0.029     16.202      0.000
    EBB20              0.264      0.017     15.905      0.000
    EBB22              0.325      0.021     15.430      0.000
    EBB23              1.419      0.089     15.907      0.000
    EBB24              0.314      0.021     14.646      0.000
    EBB26              0.415      0.025     16.758      0.000
    EBB27              0.381      0.024     15.658      0.000
    EBB29              1.369      0.086     15.994      0.000
    EBB31              0.359      0.023     15.565      0.000
    EBB34              1.568      0.098     16.055      0.000
    EBB35              1.533      0.094     16.280      0.000
    EBB36              1.323      0.084     15.802      0.000
    EBB38              1.391      0.089     15.579      0.000


R-SQUARE

    Observed                                        Two-Tailed
    Variable        Estimate       S.E.  Est./S.E.    P-Value

    EBADEP1            0.380      0.034     11.098      0.000
    EBADEP2            0.457      0.033     13.740      0.000
    EBADEP4            0.448      0.033     13.386      0.000
    EBADEP5            0.418      0.034     12.371      0.000
    EBADEP10           0.334      0.034      9.758      0.000
    EBADEP18           0.526      0.032     16.578      0.000
    EBADEP23           0.457      0.033     13.714      0.000
    EBADEP24           0.503      0.032     15.563      0.000
    EBADEP28           0.545      0.031     17.539      0.000
    EBADEP29           0.354      0.034     10.321      0.000
    EBADEP31           0.308      0.034      9.012      0.000
    EBADEP38           0.592      0.029     20.111      0.000
    EBADEP40           0.364      0.035     10.487      0.000
    EBADEP43           0.043      0.017      2.465      0.014
    EBADEP45           0.323      0.034      9.458      0.000
    EBB5               0.312      0.035      8.824      0.000
    EBB6               0.296      0.036      8.258      0.000
    EBB8               0.221      0.032      6.889      0.000
    EBB9               0.293      0.034      8.639      0.000
    EBB13              0.444      0.034     13.204      0.000
    EBB14              0.565      0.030     18.537      0.000
    EBB17              0.187      0.032      5.822      0.000
    EBB18              0.333      0.034      9.701      0.000
    EBB20              0.434      0.033     12.982      0.000
    EBB22              0.514      0.032     16.173      0.000
    EBB23              0.239      0.035      6.781      0.000
    EBB24              0.595      0.029     20.175      0.000
    EBB26              0.129      0.027      4.722      0.000
    EBB27              0.426      0.034     12.397      0.000
    EBB29              0.136      0.030      4.571      0.000
    EBB31              0.486      0.033     14.935      0.000
    EBB34              0.171      0.032      5.387      0.000
    EBB35              0.213      0.033      6.388      0.000
    EBB36              0.297      0.037      8.005      0.000
    EBB38              0.265      0.036      7.368      0.000


QUALITY OF NUMERICAL RESULTS

     Condition Number for the Information Matrix              0.124E-01
       (ratio of smallest to largest eigenvalue)


MODEL MODIFICATION INDICES

NOTE:  Modification indices for direct effects of observed dependent variables
regressed on covariates may not be included.  To include these, request
MODINDICES (ALL).

Minimum M.I. value for printing the modification index    10.000

                                   M.I.     E.P.C.  Std E.P.C.  StdYX E.P.C.

BY Statements

DEP      BY EBB23                 12.748     0.328      0.328        0.240
BURN     BY EBADEP18              10.685    -0.163     -0.163       -0.175
BURN     BY EBADEP28              11.087    -0.129     -0.129       -0.176
BURN     BY EBADEP38              28.843     0.289      0.289        0.273

WITH Statements

EBADEP2  WITH EBADEP1            103.398     0.295      0.295        0.455
EBADEP5  WITH EBADEP4             29.463     0.100      0.100        0.244
EBADEP18 WITH EBADEP4             10.231    -0.058     -0.058       -0.147
EBADEP23 WITH EBADEP2             13.733    -0.065     -0.065       -0.167
EBADEP23 WITH EBADEP4             20.510     0.066      0.066        0.205
EBADEP24 WITH EBADEP2             13.723    -0.070     -0.070       -0.169
EBADEP24 WITH EBADEP23            95.166     0.130      0.130        0.445
EBADEP28 WITH EBADEP18            59.998     0.115      0.115        0.365
EBADEP31 WITH EBADEP23            10.982    -0.070     -0.070       -0.147
EBADEP38 WITH EBADEP18            10.254    -0.066     -0.066       -0.153
EBADEP38 WITH EBADEP29            12.160    -0.062     -0.062       -0.161
EBADEP40 WITH EBADEP4             16.814    -0.090     -0.090       -0.183
EBADEP40 WITH EBADEP5             12.544    -0.083     -0.083       -0.158
EBADEP40 WITH EBADEP31            45.932     0.215      0.215        0.298
EBADEP40 WITH EBADEP38            28.566     0.133      0.133        0.247
EBB6     WITH EBADEP38            10.465    -0.119     -0.119       -0.149
EBB6     WITH EBB5               158.042     0.777      0.777        0.558
EBB8     WITH EBB5                17.528     0.155      0.155        0.184
EBB9     WITH EBB8                11.024     0.076      0.076        0.144
EBB14    WITH EBADEP31            17.492     0.102      0.102        0.189
EBB14    WITH EBB5                22.165     0.152      0.152        0.217
EBB14    WITH EBB6                11.509     0.110      0.110        0.156
EBB14    WITH EBB9                23.372     0.096      0.096        0.220
EBB14    WITH EBB13               27.941     0.085      0.085        0.246
EBB17    WITH EBB5                31.522     0.361      0.361        0.248
EBB17    WITH EBB6                41.540     0.416      0.416        0.284
EBB18    WITH EBB13               11.869     0.061      0.061        0.154
EBB20    WITH EBB18               20.948     0.071      0.071        0.203
EBB23    WITH EBB5                30.760     0.352      0.352        0.251
EBB23    WITH EBB6                24.186     0.313      0.313        0.222
EBB23    WITH EBB9                18.446     0.168      0.168        0.192
EBB23    WITH EBB14               10.944     0.109      0.109        0.155
EBB23    WITH EBB17               30.630     0.365      0.365        0.248
EBB24    WITH EBB5                25.577     0.155      0.155        0.236
EBB24    WITH EBB6                14.562     0.118      0.118        0.177
EBB24    WITH EBB9                25.117     0.095      0.095        0.230
EBB24    WITH EBB14               13.919     0.060      0.060        0.181
EBB24    WITH EBB17               17.931     0.135      0.135        0.194
EBB24    WITH EBB22               28.795     0.082      0.082        0.256
EBB26    WITH EBB8                14.232     0.074      0.074        0.161
EBB27    WITH EBADEP2             13.913     0.077      0.077        0.168
EBB27    WITH EBB5                32.901     0.188      0.188        0.259
EBB27    WITH EBB6                28.431     0.175      0.175        0.240
EBB27    WITH EBB13               30.567     0.090      0.090        0.251
EBB27    WITH EBB17               23.237     0.164      0.164        0.215
EBB27    WITH EBB18               20.076     0.084      0.084        0.200
EBB27    WITH EBB23               10.343     0.108      0.108        0.147
EBB27    WITH EBB24               20.877     0.074      0.074        0.215
EBB29    WITH EBB6                11.673     0.214      0.214        0.155
EBB29    WITH EBB17               24.508     0.322      0.322        0.223
EBB29    WITH EBB20               11.042     0.091      0.091        0.151
EBB29    WITH EBB23               13.408     0.235      0.235        0.169
EBB29    WITH EBB24               16.707     0.126      0.126        0.193
EBB31    WITH EBADEP4             10.096     0.053      0.053        0.143
EBB31    WITH EBB24               12.257     0.056      0.056        0.166
EBB34    WITH EBB5                17.000     0.273      0.273        0.186
EBB34    WITH EBB17               37.581     0.423      0.423        0.273
EBB34    WITH EBB23               18.506     0.293      0.293        0.197
EBB34    WITH EBB24               19.311     0.144      0.144        0.206
EBB34    WITH EBB27               21.495     0.163      0.163        0.211
EBB34    WITH EBB29               35.321     0.397      0.397        0.271
EBB34    WITH EBB31               13.843     0.128      0.128        0.170
EBB35    WITH EBB5                18.064     0.274      0.274        0.188
EBB35    WITH EBB6                15.867     0.258      0.258        0.176
EBB35    WITH EBB13               10.781     0.105      0.105        0.146
EBB35    WITH EBB14               21.894     0.157      0.157        0.213
EBB35    WITH EBB17               27.693     0.353      0.353        0.231
EBB35    WITH EBB18               19.817     0.165      0.165        0.196
EBB35    WITH EBB22               14.458     0.121      0.121        0.171
EBB35    WITH EBB23               34.456     0.387      0.387        0.263
EBB35    WITH EBB24               23.616     0.155      0.155        0.224
EBB35    WITH EBB27               28.445     0.182      0.182        0.238
EBB35    WITH EBB29               28.783     0.349      0.349        0.241
EBB35    WITH EBB34              137.710     0.807      0.807        0.521
EBB36    WITH EBB5                47.340     0.420      0.420        0.311
EBB36    WITH EBB6                18.368     0.263      0.263        0.193
EBB36    WITH EBB14               23.012     0.153      0.153        0.224
EBB36    WITH EBB17               45.588     0.429      0.429        0.302
EBB36    WITH EBB23               40.358     0.396      0.396        0.289
EBB36    WITH EBB24               13.418     0.111      0.111        0.172
EBB36    WITH EBB27               29.204     0.175      0.175        0.246
EBB36    WITH EBB29               37.429     0.377      0.377        0.280
EBB36    WITH EBB34               54.730     0.482      0.482        0.335
EBB36    WITH EBB35               90.780     0.602      0.602        0.423
EBB38    WITH EBB5                23.127     0.307      0.307        0.221
EBB38    WITH EBB6                29.397     0.348      0.348        0.249
EBB38    WITH EBB14               13.516     0.122      0.122        0.175
EBB38    WITH EBB17               39.032     0.415      0.415        0.285
EBB38    WITH EBB22               11.204     0.105      0.105        0.157
EBB38    WITH EBB23               13.888     0.244      0.244        0.173
EBB38    WITH EBB24               13.898     0.118      0.118        0.179
EBB38    WITH EBB27               15.282     0.132      0.132        0.182
EBB38    WITH EBB29               17.084     0.266      0.266        0.192
EBB38    WITH EBB34               42.691     0.445      0.445        0.301
EBB38    WITH EBB35               60.594     0.516      0.516        0.354
EBB38    WITH EBB36               43.307     0.413      0.413        0.304


DIAGRAM INFORMATION

  Use View Diagram under the Diagram menu in the Mplus Editor to view the diagram.
  If running Mplus from the Mplus Diagrammer, the diagram opens automatically.

  Diagram output
    c:\users\hauck\onedrive\google drive\manuscritos\manuscrito hugo, mak, jheny\ebb.dgm

     Beginning Time:  11:04:45
        Ending Time:  11:04:50
       Elapsed Time:  00:00:05



MUTHEN & MUTHEN
3463 Stoner Ave.
Los Angeles, CA  90066

Tel: (310) 391-9971
Fax: (310) 391-8971
Web: www.StatModel.com
Support: Support@StatModel.com

Copyright (c) 1998-2013 Muthen & Muthen
